{"/home/travis/build/npmtest/node-npmtest-vue-validator/test.js":{"path":"/home/travis/build/npmtest/node-npmtest-vue-validator/test.js","s":{"1":2,"2":2,"3":2,"4":2,"5":2,"6":2,"7":2,"8":1,"9":2,"10":2,"11":1,"12":1,"13":1,"14":1,"15":2,"16":2,"17":2,"18":2,"19":1,"20":1,"21":2,"22":2,"23":2,"24":1,"25":1,"26":1,"27":1,"28":1,"29":1,"30":1,"31":1,"32":1,"33":1,"34":1,"35":1,"36":1,"37":1,"38":1,"39":2,"40":2,"41":1,"42":2,"43":2,"44":1,"45":2,"46":2,"47":1,"48":2,"49":2,"50":1,"51":1,"52":1,"53":1,"54":1},"b":{"1":[2,1,1,1],"2":[1,1,1,1],"3":[1,1],"4":[1,1],"5":[1,1],"6":[1,1],"7":[1,1],"8":[1,1],"9":[1,1],"10":[1,1,1],"11":[1,1],"12":[1,1],"13":[1,1],"14":[1,1],"15":[1,1],"16":[1,1],"17":[1,1]},"f":{"1":2,"2":2,"3":2,"4":2,"5":2,"6":1,"7":1,"8":1,"9":2,"10":2,"11":2,"12":2,"13":1},"fnMap":{"1":{"name":"(anonymous_1)","line":12,"loc":{"start":{"line":12,"column":1},"end":{"line":12,"column":13}}},"2":{"name":"(anonymous_2)","line":19,"loc":{"start":{"line":19,"column":5},"end":{"line":19,"column":17}}},"3":{"name":"(anonymous_3)","line":23,"loc":{"start":{"line":23,"column":24},"end":{"line":23,"column":36}}},"4":{"name":"(anonymous_4)","line":61,"loc":{"start":{"line":61,"column":5},"end":{"line":61,"column":17}}},"5":{"name":"(anonymous_5)","line":82,"loc":{"start":{"line":82,"column":5},"end":{"line":82,"column":17}}},"6":{"name":"(anonymous_6)","line":91,"loc":{"start":{"line":91,"column":77},"end":{"line":94,"column":10}}},"7":{"name":"(anonymous_7)","line":112,"loc":{"start":{"line":112,"column":83},"end":{"line":115,"column":10}},"skip":true},"8":{"name":"(anonymous_8)","line":123,"loc":{"start":{"line":123,"column":77},"end":{"line":126,"column":10}},"skip":true},"9":{"name":"(anonymous_9)","line":139,"loc":{"start":{"line":139,"column":12},"end":{"line":139,"column":40}},"skip":true},"10":{"name":"(anonymous_10)","line":147,"loc":{"start":{"line":147,"column":77},"end":{"line":150,"column":10}},"skip":true},"11":{"name":"(anonymous_11)","line":158,"loc":{"start":{"line":158,"column":83},"end":{"line":161,"column":10}},"skip":true},"12":{"name":"(anonymous_12)","line":169,"loc":{"start":{"line":169,"column":79},"end":{"line":172,"column":10}},"skip":true},"13":{"name":"(anonymous_13)","line":180,"loc":{"start":{"line":180,"column":75},"end":{"line":183,"column":10}},"skip":true}},"statementMap":{"1":{"start":{"line":12,"column":0},"end":{"line":195,"column":5}},"2":{"start":{"line":14,"column":4},"end":{"line":14,"column":14}},"3":{"start":{"line":19,"column":4},"end":{"line":56,"column":9}},"4":{"start":{"line":21,"column":8},"end":{"line":21,"column":19}},"5":{"start":{"line":23,"column":8},"end":{"line":35,"column":13}},"6":{"start":{"line":24,"column":12},"end":{"line":34,"column":13}},"7":{"start":{"line":25,"column":16},"end":{"line":28,"column":30}},"8":{"start":{"line":30,"column":16},"end":{"line":33,"column":27}},"9":{"start":{"line":37,"column":8},"end":{"line":39,"column":21}},"10":{"start":{"line":40,"column":8},"end":{"line":53,"column":9}},"11":{"start":{"line":43,"column":12},"end":{"line":46,"column":14}},"12":{"start":{"line":47,"column":12},"end":{"line":47,"column":18}},"13":{"start":{"line":50,"column":12},"end":{"line":51,"column":46}},"14":{"start":{"line":52,"column":12},"end":{"line":52,"column":18}},"15":{"start":{"line":55,"column":8},"end":{"line":55,"column":35}},"16":{"start":{"line":61,"column":4},"end":{"line":63,"column":9}},"17":{"start":{"line":62,"column":8},"end":{"line":62,"column":15}},"18":{"start":{"line":64,"column":4},"end":{"line":77,"column":5}},"19":{"start":{"line":70,"column":8},"end":{"line":70,"column":14}},"20":{"start":{"line":76,"column":8},"end":{"line":76,"column":14}},"21":{"start":{"line":82,"column":4},"end":{"line":84,"column":9}},"22":{"start":{"line":83,"column":8},"end":{"line":83,"column":15}},"23":{"start":{"line":85,"column":4},"end":{"line":194,"column":5}},"24":{"start":{"line":91,"column":8},"end":{"line":99,"column":10}},"25":{"start":{"line":98,"column":12},"end":{"line":98,"column":35}},"26":{"start":{"line":102,"column":8},"end":{"line":104,"column":63}},"27":{"start":{"line":105,"column":8},"end":{"line":105,"column":14}},"28":{"start":{"line":112,"column":8},"end":{"line":121,"column":10},"skip":true},"29":{"start":{"line":119,"column":12},"end":{"line":119,"column":55},"skip":true},"30":{"start":{"line":120,"column":12},"end":{"line":120,"column":48},"skip":true},"31":{"start":{"line":123,"column":8},"end":{"line":136,"column":10},"skip":true},"32":{"start":{"line":130,"column":12},"end":{"line":130,"column":76},"skip":true},"33":{"start":{"line":131,"column":12},"end":{"line":131,"column":73},"skip":true},"34":{"start":{"line":132,"column":12},"end":{"line":132,"column":74},"skip":true},"35":{"start":{"line":133,"column":12},"end":{"line":133,"column":79},"skip":true},"36":{"start":{"line":134,"column":12},"end":{"line":134,"column":25},"skip":true},"37":{"start":{"line":135,"column":12},"end":{"line":135,"column":45},"skip":true},"38":{"start":{"line":138,"column":8},"end":{"line":145,"column":14},"skip":true},"39":{"start":{"line":143,"column":16},"end":{"line":143,"column":29},"skip":true},"40":{"start":{"line":144,"column":16},"end":{"line":144,"column":55},"skip":true},"41":{"start":{"line":147,"column":8},"end":{"line":156,"column":10},"skip":true},"42":{"start":{"line":154,"column":12},"end":{"line":154,"column":25},"skip":true},"43":{"start":{"line":155,"column":12},"end":{"line":155,"column":45},"skip":true},"44":{"start":{"line":158,"column":8},"end":{"line":167,"column":10},"skip":true},"45":{"start":{"line":165,"column":12},"end":{"line":165,"column":25},"skip":true},"46":{"start":{"line":166,"column":12},"end":{"line":166,"column":48},"skip":true},"47":{"start":{"line":169,"column":8},"end":{"line":178,"column":10},"skip":true},"48":{"start":{"line":176,"column":12},"end":{"line":176,"column":25},"skip":true},"49":{"start":{"line":177,"column":12},"end":{"line":177,"column":46},"skip":true},"50":{"start":{"line":180,"column":8},"end":{"line":189,"column":10},"skip":true},"51":{"start":{"line":187,"column":12},"end":{"line":187,"column":94},"skip":true},"52":{"start":{"line":188,"column":12},"end":{"line":188,"column":48},"skip":true},"53":{"start":{"line":192,"column":8},"end":{"line":192,"column":35},"skip":true},"54":{"start":{"line":193,"column":8},"end":{"line":193,"column":14},"skip":true}},"branchMap":{"1":{"line":25,"type":"binary-expr","locations":[{"start":{"line":25,"column":23},"end":{"line":25,"column":62}},{"start":{"line":26,"column":20},"end":{"line":26,"column":70}},{"start":{"line":27,"column":20},"end":{"line":27,"column":71}},{"start":{"line":28,"column":20},"end":{"line":28,"column":29}}]},"2":{"line":30,"type":"binary-expr","locations":[{"start":{"line":30,"column":23},"end":{"line":30,"column":37}},{"start":{"line":31,"column":20},"end":{"line":31,"column":61}},{"start":{"line":32,"column":20},"end":{"line":32,"column":70}},{"start":{"line":33,"column":20},"end":{"line":33,"column":26}}]},"3":{"line":37,"type":"cond-expr","locations":[{"start":{"line":38,"column":14},"end":{"line":38,"column":20}},{"start":{"line":39,"column":14},"end":{"line":39,"column":20}}]},"4":{"line":40,"type":"switch","locations":[{"start":{"line":42,"column":8},"end":{"line":47,"column":18}},{"start":{"line":49,"column":8},"end":{"line":52,"column":18}}]},"5":{"line":44,"type":"binary-expr","locations":[{"start":{"line":44,"column":16},"end":{"line":44,"column":44}},{"start":{"line":44,"column":48},"end":{"line":44,"column":66}}]},"6":{"line":50,"type":"binary-expr","locations":[{"start":{"line":50,"column":21},"end":{"line":50,"column":49}},{"start":{"line":50,"column":53},"end":{"line":50,"column":72}}]},"7":{"line":64,"type":"switch","locations":[{"start":{"line":69,"column":4},"end":{"line":70,"column":14}},{"start":{"line":75,"column":4},"end":{"line":76,"column":14}}]},"8":{"line":85,"type":"switch","locations":[{"start":{"line":90,"column":4},"end":{"line":105,"column":14}},{"start":{"line":111,"column":4},"end":{"line":193,"column":14},"skip":true}]},"9":{"line":91,"type":"binary-expr","locations":[{"start":{"line":91,"column":42},"end":{"line":91,"column":73}},{"start":{"line":91,"column":77},"end":{"line":99,"column":9}}]},"10":{"line":102,"type":"binary-expr","locations":[{"start":{"line":102,"column":18},"end":{"line":102,"column":32}},{"start":{"line":103,"column":12},"end":{"line":103,"column":53}},{"start":{"line":104,"column":12},"end":{"line":104,"column":61}}]},"11":{"line":112,"type":"binary-expr","locations":[{"start":{"line":112,"column":45},"end":{"line":112,"column":79},"skip":true},{"start":{"line":112,"column":83},"end":{"line":121,"column":9},"skip":true}]},"12":{"line":123,"type":"binary-expr","locations":[{"start":{"line":123,"column":42},"end":{"line":123,"column":73},"skip":true},{"start":{"line":123,"column":77},"end":{"line":136,"column":9},"skip":true}]},"13":{"line":138,"type":"binary-expr","locations":[{"start":{"line":138,"column":48},"end":{"line":138,"column":85},"skip":true},{"start":{"line":139,"column":12},"end":{"line":145,"column":13},"skip":true}]},"14":{"line":147,"type":"binary-expr","locations":[{"start":{"line":147,"column":42},"end":{"line":147,"column":73},"skip":true},{"start":{"line":147,"column":77},"end":{"line":156,"column":9},"skip":true}]},"15":{"line":158,"type":"binary-expr","locations":[{"start":{"line":158,"column":45},"end":{"line":158,"column":79},"skip":true},{"start":{"line":158,"column":83},"end":{"line":167,"column":9},"skip":true}]},"16":{"line":169,"type":"binary-expr","locations":[{"start":{"line":169,"column":43},"end":{"line":169,"column":75},"skip":true},{"start":{"line":169,"column":79},"end":{"line":178,"column":9},"skip":true}]},"17":{"line":180,"type":"binary-expr","locations":[{"start":{"line":180,"column":41},"end":{"line":180,"column":71},"skip":true},{"start":{"line":180,"column":75},"end":{"line":189,"column":9},"skip":true}]}},"code":["/* istanbul instrument in package npmtest_vue_validator */","/*jslint","    bitwise: true,","    browser: true,","    maxerr: 8,","    maxlen: 96,","    node: true,","    nomen: true,","    regexp: true,","    stupid: true","*/","(function () {","    'use strict';","    var local;","","","","    // run shared js-env code - pre-init","    (function () {","        // init local","        local = {};","        // init modeJs","        local.modeJs = (function () {","            try {","                return typeof navigator.userAgent === 'string' &&","                    typeof document.querySelector('body') === 'object' &&","                    typeof XMLHttpRequest.prototype.open === 'function' &&","                    'browser';","            } catch (errorCaughtBrowser) {","                return module.exports &&","                    typeof process.versions.node === 'string' &&","                    typeof require('http').createServer === 'function' &&","                    'node';","            }","        }());","        // init global","        local.global = local.modeJs === 'browser'","            ? window","            : global;","        switch (local.modeJs) {","        // re-init local from window.local","        case 'browser':","            local = local.global.utility2.objectSetDefault(","                local.global.utility2_rollup || local.global.local,","                local.global.utility2","            );","            break;","        // re-init local from example.js","        case 'node':","            local = (local.global.utility2_rollup || require('utility2'))","                .requireExampleJsFromReadme();","            break;","        }","        // export local","        local.global.local = local;","    }());","","","","    // run shared js-env code - function","    (function () {","        return;","    }());","    switch (local.modeJs) {","","","","    // run browser js-env code - function","    case 'browser':","        break;","","","","    // run node js-env code - function","    case 'node':","        break;","    }","","","","    // run shared js-env code - post-init","    (function () {","        return;","    }());","    switch (local.modeJs) {","","","","    // run browser js-env code - post-init","    case 'browser':","        local.testCase_browser_nullCase = local.testCase_browser_nullCase || function (","            options,","            onError","        ) {","        /*","         * this function will test browsers's null-case handling-behavior-behavior","         */","            onError(null, options);","        };","","        // run tests","        local.nop(local.modeTest &&","            document.querySelector('#testRunButton1') &&","            document.querySelector('#testRunButton1').click());","        break;","","","","    // run node js-env code - post-init","    /* istanbul ignore next */","    case 'node':","        local.testCase_buildApidoc_default = local.testCase_buildApidoc_default || function (","            options,","            onError","        ) {","        /*","         * this function will test buildApidoc's default handling-behavior-behavior","         */","            options = { modulePathList: module.paths };","            local.buildApidoc(options, onError);","        };","","        local.testCase_buildApp_default = local.testCase_buildApp_default || function (","            options,","            onError","        ) {","        /*","         * this function will test buildApp's default handling-behavior-behavior","         */","            local.testCase_buildReadme_default(options, local.onErrorThrow);","            local.testCase_buildLib_default(options, local.onErrorThrow);","            local.testCase_buildTest_default(options, local.onErrorThrow);","            local.testCase_buildCustomOrg_default(options, local.onErrorThrow);","            options = [];","            local.buildApp(options, onError);","        };","","        local.testCase_buildCustomOrg_default = local.testCase_buildCustomOrg_default ||","            function (options, onError) {","            /*","             * this function will test buildCustomOrg's default handling-behavior","             */","                options = {};","                local.buildCustomOrg(options, onError);","            };","","        local.testCase_buildLib_default = local.testCase_buildLib_default || function (","            options,","            onError","        ) {","        /*","         * this function will test buildLib's default handling-behavior","         */","            options = {};","            local.buildLib(options, onError);","        };","","        local.testCase_buildReadme_default = local.testCase_buildReadme_default || function (","            options,","            onError","        ) {","        /*","         * this function will test buildReadme's default handling-behavior-behavior","         */","            options = {};","            local.buildReadme(options, onError);","        };","","        local.testCase_buildTest_default = local.testCase_buildTest_default || function (","            options,","            onError","        ) {","        /*","         * this function will test buildTest's default handling-behavior","         */","            options = {};","            local.buildTest(options, onError);","        };","","        local.testCase_webpage_default = local.testCase_webpage_default || function (","            options,","            onError","        ) {","        /*","         * this function will test webpage's default handling-behavior","         */","            options = { modeCoverageMerge: true, url: local.serverLocalHost + '?modeTest=1' };","            local.browserTest(options, onError);","        };","","        // run test-server","        local.testRunServer(local);","        break;","    }","}());",""],"l":{"12":2,"14":2,"19":2,"21":2,"23":2,"24":2,"25":2,"30":1,"37":2,"40":2,"43":1,"47":1,"50":1,"52":1,"55":2,"61":2,"62":2,"64":2,"70":1,"76":1,"82":2,"83":2,"85":2,"91":1,"98":1,"102":1,"105":1,"112":1,"119":1,"120":1,"123":1,"130":1,"131":1,"132":1,"133":1,"134":1,"135":1,"138":1,"143":2,"144":2,"147":1,"154":2,"155":2,"158":1,"165":2,"166":2,"169":1,"176":2,"177":2,"180":1,"187":1,"188":1,"192":1,"193":1}},"/home/travis/build/npmtest/node-npmtest-vue-validator/lib.npmtest_vue_validator.js":{"path":"/home/travis/build/npmtest/node-npmtest-vue-validator/lib.npmtest_vue_validator.js","s":{"1":2,"2":2,"3":2,"4":2,"5":2,"6":2,"7":2,"8":1,"9":2,"10":2,"11":2,"12":2,"13":1,"14":1,"15":1,"16":1},"b":{"1":[2,1,1,1],"2":[1,1,1,1],"3":[1,1],"4":[2,2],"5":[1,1]},"f":{"1":2,"2":2,"3":2},"fnMap":{"1":{"name":"(anonymous_1)","line":12,"loc":{"start":{"line":12,"column":1},"end":{"line":12,"column":13}}},"2":{"name":"(anonymous_2)","line":19,"loc":{"start":{"line":19,"column":5},"end":{"line":19,"column":17}}},"3":{"name":"(anonymous_3)","line":23,"loc":{"start":{"line":23,"column":24},"end":{"line":23,"column":36}}}},"statementMap":{"1":{"start":{"line":12,"column":0},"end":{"line":53,"column":5}},"2":{"start":{"line":14,"column":4},"end":{"line":14,"column":14}},"3":{"start":{"line":19,"column":4},"end":{"line":52,"column":9}},"4":{"start":{"line":21,"column":8},"end":{"line":21,"column":19}},"5":{"start":{"line":23,"column":8},"end":{"line":35,"column":13}},"6":{"start":{"line":24,"column":12},"end":{"line":34,"column":13}},"7":{"start":{"line":25,"column":16},"end":{"line":28,"column":30}},"8":{"start":{"line":30,"column":16},"end":{"line":33,"column":27}},"9":{"start":{"line":37,"column":8},"end":{"line":39,"column":21}},"10":{"start":{"line":41,"column":8},"end":{"line":41,"column":54}},"11":{"start":{"line":43,"column":8},"end":{"line":43,"column":58}},"12":{"start":{"line":45,"column":8},"end":{"line":51,"column":9}},"13":{"start":{"line":46,"column":12},"end":{"line":46,"column":64}},"14":{"start":{"line":48,"column":12},"end":{"line":48,"column":35}},"15":{"start":{"line":49,"column":12},"end":{"line":49,"column":49}},"16":{"start":{"line":50,"column":12},"end":{"line":50,"column":43}}},"branchMap":{"1":{"line":25,"type":"binary-expr","locations":[{"start":{"line":25,"column":23},"end":{"line":25,"column":62}},{"start":{"line":26,"column":20},"end":{"line":26,"column":70}},{"start":{"line":27,"column":20},"end":{"line":27,"column":71}},{"start":{"line":28,"column":20},"end":{"line":28,"column":29}}]},"2":{"line":30,"type":"binary-expr","locations":[{"start":{"line":30,"column":23},"end":{"line":30,"column":37}},{"start":{"line":31,"column":20},"end":{"line":31,"column":61}},{"start":{"line":32,"column":20},"end":{"line":32,"column":70}},{"start":{"line":33,"column":20},"end":{"line":33,"column":26}}]},"3":{"line":37,"type":"cond-expr","locations":[{"start":{"line":38,"column":14},"end":{"line":38,"column":20}},{"start":{"line":39,"column":14},"end":{"line":39,"column":20}}]},"4":{"line":41,"type":"binary-expr","locations":[{"start":{"line":41,"column":16},"end":{"line":41,"column":44}},{"start":{"line":41,"column":48},"end":{"line":41,"column":53}}]},"5":{"line":45,"type":"if","locations":[{"start":{"line":45,"column":8},"end":{"line":45,"column":8}},{"start":{"line":45,"column":8},"end":{"line":45,"column":8}}]}},"code":["/* istanbul instrument in package npmtest_vue_validator */","/*jslint","    bitwise: true,","    browser: true,","    maxerr: 8,","    maxlen: 96,","    node: true,","    nomen: true,","    regexp: true,","    stupid: true","*/","(function () {","    'use strict';","    var local;","","","","    // run shared js-env code - pre-init","    (function () {","        // init local","        local = {};","        // init modeJs","        local.modeJs = (function () {","            try {","                return typeof navigator.userAgent === 'string' &&","                    typeof document.querySelector('body') === 'object' &&","                    typeof XMLHttpRequest.prototype.open === 'function' &&","                    'browser';","            } catch (errorCaughtBrowser) {","                return module.exports &&","                    typeof process.versions.node === 'string' &&","                    typeof require('http').createServer === 'function' &&","                    'node';","            }","        }());","        // init global","        local.global = local.modeJs === 'browser'","            ? window","            : global;","        // init utility2_rollup","        local = local.global.utility2_rollup || local;","        // init lib","        local.local = local.npmtest_vue_validator = local;","        // init exports","        if (local.modeJs === 'browser') {","            local.global.utility2_npmtest_vue_validator = local;","        } else {","            module.exports = local;","            module.exports.__dirname = __dirname;","            module.exports.module = module;","        }","    }());","}());",""],"l":{"12":2,"14":2,"19":2,"21":2,"23":2,"24":2,"25":2,"30":1,"37":2,"41":2,"43":2,"45":2,"46":1,"48":1,"49":1,"50":1}},"/home/travis/build/npmtest/node-npmtest-vue-validator/example.js":{"path":"/home/travis/build/npmtest/node-npmtest-vue-validator/example.js","s":{"1":2,"2":2,"3":2,"4":2,"5":2,"6":2,"7":2,"8":1,"9":2,"10":2,"11":2,"12":2,"13":1,"14":2,"15":2,"16":2,"17":2,"18":2,"19":0,"20":2,"21":1,"22":1,"23":1,"24":1,"25":1,"26":0,"27":0,"28":1,"29":1,"30":2,"31":0,"32":0,"33":0,"34":1,"35":2,"36":2,"37":3,"38":3,"39":3,"40":3,"41":0,"42":3,"43":3,"44":3,"45":1,"46":3,"47":1,"48":1,"49":1,"50":1,"51":1,"52":1,"53":1,"54":1,"55":1,"56":1,"57":0,"58":1,"59":6,"60":6,"61":1,"62":2,"63":0,"64":2,"65":1,"66":1,"67":0,"68":0,"69":0,"70":0,"71":0,"72":0,"73":0,"74":0,"75":0,"76":0,"77":0,"78":0,"79":0,"80":0,"81":0,"82":0,"83":0},"b":{"1":[2,1,1,1],"2":[1,1,1,1],"3":[1,1],"4":[2,2],"5":[1,1],"6":[1,1],"7":[2,0],"8":[2,1,1,1,1,1],"9":[0,2,0],"10":[1,1],"11":[2,1,1],"12":[1,0],"13":[0,2],"14":[2,0,0,0,0,0,0],"15":[0,3],"16":[3,0],"17":[1,1],"18":[0,1],"19":[1,2,0,2],"20":[1,0],"21":[1,1],"22":[0,0],"23":[0,0],"24":[0,0],"25":[0,0],"26":[0,0],"27":[0,0],"28":[0,0]},"f":{"1":2,"2":2,"3":2,"4":2,"5":2,"6":2,"7":3,"8":3,"9":3,"10":1,"11":6,"12":0},"fnMap":{"1":{"name":"(anonymous_1)","line":26,"loc":{"start":{"line":26,"column":1},"end":{"line":26,"column":13}}},"2":{"name":"(anonymous_2)","line":33,"loc":{"start":{"line":33,"column":5},"end":{"line":33,"column":17}}},"3":{"name":"(anonymous_3)","line":37,"loc":{"start":{"line":37,"column":24},"end":{"line":37,"column":36}}},"4":{"name":"(anonymous_4)","line":69,"loc":{"start":{"line":69,"column":31},"end":{"line":69,"column":48}},"skip":true},"5":{"name":"(anonymous_5)","line":78,"loc":{"start":{"line":78,"column":26},"end":{"line":78,"column":45}},"skip":true},"6":{"name":"(anonymous_6)","line":123,"loc":{"start":{"line":123,"column":33},"end":{"line":123,"column":48}},"skip":true},"7":{"name":"(anonymous_7)","line":125,"loc":{"start":{"line":125,"column":27},"end":{"line":125,"column":39}},"skip":true},"8":{"name":"(anonymous_8)","line":133,"loc":{"start":{"line":133,"column":59},"end":{"line":133,"column":74}},"skip":true},"9":{"name":"(anonymous_9)","line":143,"loc":{"start":{"line":143,"column":45},"end":{"line":143,"column":62}},"skip":true},"10":{"name":"(anonymous_10)","line":144,"loc":{"start":{"line":144,"column":73},"end":{"line":144,"column":92}},"skip":true},"11":{"name":"(anonymous_11)","line":272,"loc":{"start":{"line":272,"column":51},"end":{"line":272,"column":77}},"skip":true},"12":{"name":"(anonymous_12)","line":314,"loc":{"start":{"line":314,"column":32},"end":{"line":314,"column":61}},"skip":true}},"statementMap":{"1":{"start":{"line":26,"column":0},"end":{"line":325,"column":5}},"2":{"start":{"line":28,"column":4},"end":{"line":28,"column":14}},"3":{"start":{"line":33,"column":4},"end":{"line":60,"column":9}},"4":{"start":{"line":35,"column":8},"end":{"line":35,"column":19}},"5":{"start":{"line":37,"column":8},"end":{"line":49,"column":13}},"6":{"start":{"line":38,"column":12},"end":{"line":48,"column":13}},"7":{"start":{"line":39,"column":16},"end":{"line":42,"column":30}},"8":{"start":{"line":44,"column":16},"end":{"line":47,"column":27}},"9":{"start":{"line":51,"column":8},"end":{"line":53,"column":21}},"10":{"start":{"line":55,"column":8},"end":{"line":57,"column":45}},"11":{"start":{"line":59,"column":8},"end":{"line":59,"column":35}},"12":{"start":{"line":61,"column":4},"end":{"line":324,"column":5}},"13":{"start":{"line":69,"column":8},"end":{"line":121,"column":10},"skip":true},"14":{"start":{"line":70,"column":12},"end":{"line":88,"column":13},"skip":true},"15":{"start":{"line":76,"column":16},"end":{"line":87,"column":19},"skip":true},"16":{"start":{"line":79,"column":20},"end":{"line":86,"column":21},"skip":true},"17":{"start":{"line":82,"column":24},"end":{"line":82,"column":43},"skip":true},"18":{"start":{"line":83,"column":24},"end":{"line":83,"column":30},"skip":true},"19":{"start":{"line":85,"column":24},"end":{"line":85,"column":49},"skip":true},"20":{"start":{"line":89,"column":12},"end":{"line":107,"column":13},"skip":true},"21":{"start":{"line":92,"column":16},"end":{"line":102,"column":17},"skip":true},"22":{"start":{"line":93,"column":20},"end":{"line":93,"column":86},"skip":true},"23":{"start":{"line":94,"column":20},"end":{"line":95,"column":45},"skip":true},"24":{"start":{"line":96,"column":20},"end":{"line":96,"column":42},"skip":true},"25":{"start":{"line":97,"column":20},"end":{"line":97,"column":48},"skip":true},"26":{"start":{"line":100,"column":20},"end":{"line":100,"column":85},"skip":true},"27":{"start":{"line":101,"column":20},"end":{"line":101,"column":96},"skip":true},"28":{"start":{"line":103,"column":16},"end":{"line":103,"column":22},"skip":true},"29":{"start":{"line":106,"column":16},"end":{"line":106,"column":22},"skip":true},"30":{"start":{"line":108,"column":12},"end":{"line":120,"column":13},"skip":true},"31":{"start":{"line":114,"column":16},"end":{"line":119,"column":17},"skip":true},"32":{"start":{"line":116,"column":20},"end":{"line":116,"column":78},"skip":true},"33":{"start":{"line":118,"column":20},"end":{"line":118,"column":47},"skip":true},"34":{"start":{"line":123,"column":8},"end":{"line":141,"column":11},"skip":true},"35":{"start":{"line":124,"column":12},"end":{"line":124,"column":54},"skip":true},"36":{"start":{"line":125,"column":12},"end":{"line":140,"column":14},"skip":true},"37":{"start":{"line":126,"column":16},"end":{"line":126,"column":28},"skip":true},"38":{"start":{"line":127,"column":16},"end":{"line":127,"column":69},"skip":true},"39":{"start":{"line":128,"column":16},"end":{"line":128,"column":75},"skip":true},"40":{"start":{"line":129,"column":16},"end":{"line":131,"column":17},"skip":true},"41":{"start":{"line":130,"column":20},"end":{"line":130,"column":27},"skip":true},"42":{"start":{"line":133,"column":16},"end":{"line":137,"column":36},"skip":true},"43":{"start":{"line":134,"column":20},"end":{"line":136,"column":55},"skip":true},"44":{"start":{"line":139,"column":16},"end":{"line":139,"column":57},"skip":true},"45":{"start":{"line":143,"column":8},"end":{"line":147,"column":11},"skip":true},"46":{"start":{"line":144,"column":12},"end":{"line":146,"column":15},"skip":true},"47":{"start":{"line":145,"column":16},"end":{"line":145,"column":70},"skip":true},"48":{"start":{"line":149,"column":8},"end":{"line":149,"column":31},"skip":true},"49":{"start":{"line":150,"column":8},"end":{"line":150,"column":14},"skip":true},"50":{"start":{"line":158,"column":8},"end":{"line":158,"column":31},"skip":true},"51":{"start":{"line":160,"column":8},"end":{"line":160,"column":33},"skip":true},"52":{"start":{"line":161,"column":8},"end":{"line":161,"column":37},"skip":true},"53":{"start":{"line":162,"column":8},"end":{"line":162,"column":35},"skip":true},"54":{"start":{"line":164,"column":8},"end":{"line":164,"column":50},"skip":true},"55":{"start":{"line":166,"column":8},"end":{"line":256,"column":2},"skip":true},"56":{"start":{"line":258,"column":8},"end":{"line":286,"column":9},"skip":true},"57":{"start":{"line":259,"column":12},"end":{"line":269,"column":14},"skip":true},"58":{"start":{"line":271,"column":12},"end":{"line":285,"column":19},"skip":true},"59":{"start":{"line":274,"column":20},"end":{"line":274,"column":35},"skip":true},"60":{"start":{"line":275,"column":20},"end":{"line":284,"column":21},"skip":true},"61":{"start":{"line":277,"column":24},"end":{"line":277,"column":64},"skip":true},"62":{"start":{"line":279,"column":24},"end":{"line":279,"column":40},"skip":true},"63":{"start":{"line":281,"column":24},"end":{"line":281,"column":40},"skip":true},"64":{"start":{"line":283,"column":24},"end":{"line":283,"column":39},"skip":true},"65":{"start":{"line":288,"column":8},"end":{"line":290,"column":9},"skip":true},"66":{"start":{"line":289,"column":12},"end":{"line":289,"column":18},"skip":true},"67":{"start":{"line":291,"column":8},"end":{"line":293,"column":54},"skip":true},"68":{"start":{"line":294,"column":8},"end":{"line":301,"column":37},"skip":true},"69":{"start":{"line":302,"column":8},"end":{"line":302,"column":82},"skip":true},"70":{"start":{"line":305,"column":8},"end":{"line":307,"column":9},"skip":true},"71":{"start":{"line":306,"column":12},"end":{"line":306,"column":82},"skip":true},"72":{"start":{"line":309,"column":8},"end":{"line":311,"column":9},"skip":true},"73":{"start":{"line":310,"column":12},"end":{"line":310,"column":18},"skip":true},"74":{"start":{"line":312,"column":8},"end":{"line":312,"column":54},"skip":true},"75":{"start":{"line":313,"column":8},"end":{"line":313,"column":69},"skip":true},"76":{"start":{"line":314,"column":8},"end":{"line":322,"column":36},"skip":true},"77":{"start":{"line":315,"column":12},"end":{"line":315,"column":61},"skip":true},"78":{"start":{"line":316,"column":12},"end":{"line":319,"column":13},"skip":true},"79":{"start":{"line":317,"column":16},"end":{"line":317,"column":75},"skip":true},"80":{"start":{"line":318,"column":16},"end":{"line":318,"column":23},"skip":true},"81":{"start":{"line":320,"column":12},"end":{"line":320,"column":38},"skip":true},"82":{"start":{"line":321,"column":12},"end":{"line":321,"column":27},"skip":true},"83":{"start":{"line":323,"column":8},"end":{"line":323,"column":14},"skip":true}},"branchMap":{"1":{"line":39,"type":"binary-expr","locations":[{"start":{"line":39,"column":23},"end":{"line":39,"column":62}},{"start":{"line":40,"column":20},"end":{"line":40,"column":70}},{"start":{"line":41,"column":20},"end":{"line":41,"column":71}},{"start":{"line":42,"column":20},"end":{"line":42,"column":29}}]},"2":{"line":44,"type":"binary-expr","locations":[{"start":{"line":44,"column":23},"end":{"line":44,"column":37}},{"start":{"line":45,"column":20},"end":{"line":45,"column":61}},{"start":{"line":46,"column":20},"end":{"line":46,"column":70}},{"start":{"line":47,"column":20},"end":{"line":47,"column":26}}]},"3":{"line":51,"type":"cond-expr","locations":[{"start":{"line":52,"column":14},"end":{"line":52,"column":20}},{"start":{"line":53,"column":14},"end":{"line":53,"column":20}}]},"4":{"line":55,"type":"binary-expr","locations":[{"start":{"line":55,"column":16},"end":{"line":55,"column":44}},{"start":{"line":55,"column":49},"end":{"line":57,"column":43}}]},"5":{"line":55,"type":"cond-expr","locations":[{"start":{"line":56,"column":14},"end":{"line":56,"column":57}},{"start":{"line":57,"column":14},"end":{"line":57,"column":43}}]},"6":{"line":61,"type":"switch","locations":[{"start":{"line":68,"column":4},"end":{"line":150,"column":14},"skip":true},{"start":{"line":156,"column":4},"end":{"line":323,"column":14},"skip":true}]},"7":{"line":70,"type":"if","locations":[{"start":{"line":70,"column":12},"end":{"line":70,"column":12},"skip":true},{"start":{"line":70,"column":12},"end":{"line":70,"column":12},"skip":true}]},"8":{"line":70,"type":"binary-expr","locations":[{"start":{"line":70,"column":16},"end":{"line":70,"column":22},"skip":true},{"start":{"line":70,"column":27},"end":{"line":70,"column":32},"skip":true},{"start":{"line":71,"column":20},"end":{"line":71,"column":39},"skip":true},{"start":{"line":72,"column":20},"end":{"line":72,"column":49},"skip":true},{"start":{"line":73,"column":20},"end":{"line":73,"column":58},"skip":true},{"start":{"line":74,"column":20},"end":{"line":74,"column":69},"skip":true}]},"9":{"line":79,"type":"switch","locations":[{"start":{"line":80,"column":20},"end":{"line":80,"column":33},"skip":true},{"start":{"line":81,"column":20},"end":{"line":83,"column":30},"skip":true},{"start":{"line":84,"column":20},"end":{"line":85,"column":49},"skip":true}]},"10":{"line":89,"type":"switch","locations":[{"start":{"line":90,"column":12},"end":{"line":103,"column":22},"skip":true},{"start":{"line":105,"column":12},"end":{"line":106,"column":22},"skip":true}]},"11":{"line":89,"type":"binary-expr","locations":[{"start":{"line":89,"column":20},"end":{"line":89,"column":25},"skip":true},{"start":{"line":89,"column":29},"end":{"line":89,"column":48},"skip":true},{"start":{"line":89,"column":52},"end":{"line":89,"column":74},"skip":true}]},"12":{"line":92,"type":"if","locations":[{"start":{"line":92,"column":16},"end":{"line":92,"column":16},"skip":true},{"start":{"line":92,"column":16},"end":{"line":92,"column":16},"skip":true}]},"13":{"line":108,"type":"if","locations":[{"start":{"line":108,"column":12},"end":{"line":108,"column":12},"skip":true},{"start":{"line":108,"column":12},"end":{"line":108,"column":12},"skip":true}]},"14":{"line":108,"type":"binary-expr","locations":[{"start":{"line":108,"column":16},"end":{"line":108,"column":61},"skip":true},{"start":{"line":108,"column":66},"end":{"line":108,"column":72},"skip":true},{"start":{"line":108,"column":77},"end":{"line":108,"column":82},"skip":true},{"start":{"line":109,"column":20},"end":{"line":109,"column":39},"skip":true},{"start":{"line":110,"column":20},"end":{"line":110,"column":49},"skip":true},{"start":{"line":111,"column":20},"end":{"line":111,"column":58},"skip":true},{"start":{"line":112,"column":20},"end":{"line":112,"column":68},"skip":true}]},"15":{"line":129,"type":"if","locations":[{"start":{"line":129,"column":16},"end":{"line":129,"column":16},"skip":true},{"start":{"line":129,"column":16},"end":{"line":129,"column":16},"skip":true}]},"16":{"line":134,"type":"cond-expr","locations":[{"start":{"line":135,"column":26},"end":{"line":135,"column":29},"skip":true},{"start":{"line":136,"column":26},"end":{"line":136,"column":54},"skip":true}]},"17":{"line":164,"type":"binary-expr","locations":[{"start":{"line":164,"column":27},"end":{"line":164,"column":43},"skip":true},{"start":{"line":164,"column":47},"end":{"line":164,"column":49},"skip":true}]},"18":{"line":258,"type":"if","locations":[{"start":{"line":258,"column":8},"end":{"line":258,"column":8},"skip":true},{"start":{"line":258,"column":8},"end":{"line":258,"column":8},"skip":true}]},"19":{"line":275,"type":"switch","locations":[{"start":{"line":276,"column":20},"end":{"line":277,"column":64},"skip":true},{"start":{"line":278,"column":20},"end":{"line":279,"column":40},"skip":true},{"start":{"line":280,"column":20},"end":{"line":281,"column":40},"skip":true},{"start":{"line":282,"column":20},"end":{"line":283,"column":39},"skip":true}]},"20":{"line":288,"type":"if","locations":[{"start":{"line":288,"column":8},"end":{"line":288,"column":8},"skip":true},{"start":{"line":288,"column":8},"end":{"line":288,"column":8},"skip":true}]},"21":{"line":288,"type":"binary-expr","locations":[{"start":{"line":288,"column":12},"end":{"line":288,"column":40},"skip":true},{"start":{"line":288,"column":44},"end":{"line":288,"column":67},"skip":true}]},"22":{"line":292,"type":"binary-expr","locations":[{"start":{"line":292,"column":12},"end":{"line":292,"column":50},"skip":true},{"start":{"line":293,"column":12},"end":{"line":293,"column":53},"skip":true}]},"23":{"line":295,"type":"binary-expr","locations":[{"start":{"line":295,"column":12},"end":{"line":295,"column":71},"skip":true},{"start":{"line":296,"column":12},"end":{"line":301,"column":36},"skip":true}]},"24":{"line":302,"type":"binary-expr","locations":[{"start":{"line":302,"column":43},"end":{"line":302,"column":75},"skip":true},{"start":{"line":302,"column":79},"end":{"line":302,"column":81},"skip":true}]},"25":{"line":305,"type":"if","locations":[{"start":{"line":305,"column":8},"end":{"line":305,"column":8},"skip":true},{"start":{"line":305,"column":8},"end":{"line":305,"column":8},"skip":true}]},"26":{"line":309,"type":"if","locations":[{"start":{"line":309,"column":8},"end":{"line":309,"column":8},"skip":true},{"start":{"line":309,"column":8},"end":{"line":309,"column":8},"skip":true}]},"27":{"line":312,"type":"binary-expr","locations":[{"start":{"line":312,"column":27},"end":{"line":312,"column":43},"skip":true},{"start":{"line":312,"column":47},"end":{"line":312,"column":53},"skip":true}]},"28":{"line":316,"type":"if","locations":[{"start":{"line":316,"column":12},"end":{"line":316,"column":12},"skip":true},{"start":{"line":316,"column":12},"end":{"line":316,"column":12},"skip":true}]}},"code":["/*","example.js","","quickstart example","","instruction","    1. save this script as example.js","    2. run the shell command:","        $ npm install npmtest-vue-validator && PORT=8081 node example.js","    3. play with the browser-demo on http://127.0.0.1:8081","*/","","","","/* istanbul instrument in package npmtest_vue_validator */","/*jslint","    bitwise: true,","    browser: true,","    maxerr: 8,","    maxlen: 96,","    node: true,","    nomen: true,","    regexp: true,","    stupid: true","*/","(function () {","    'use strict';","    var local;","","","","    // run shared js-env code - pre-init","    (function () {","        // init local","        local = {};","        // init modeJs","        local.modeJs = (function () {","            try {","                return typeof navigator.userAgent === 'string' &&","                    typeof document.querySelector('body') === 'object' &&","                    typeof XMLHttpRequest.prototype.open === 'function' &&","                    'browser';","            } catch (errorCaughtBrowser) {","                return module.exports &&","                    typeof process.versions.node === 'string' &&","                    typeof require('http').createServer === 'function' &&","                    'node';","            }","        }());","        // init global","        local.global = local.modeJs === 'browser'","            ? window","            : global;","        // init utility2_rollup","        local = local.global.utility2_rollup || (local.modeJs === 'browser'","            ? local.global.utility2_npmtest_vue_validator","            : global.utility2_moduleExports);","        // export local","        local.global.local = local;","    }());","    switch (local.modeJs) {","","","","    // post-init","    // run browser js-env code - post-init","    /* istanbul ignore next */","    case 'browser':","        local.testRunBrowser = function (event) {","            if (!event || (event &&","                    event.currentTarget &&","                    event.currentTarget.className &&","                    event.currentTarget.className.includes &&","                    event.currentTarget.className.includes('onreset'))) {","                // reset output","                Array.from(","                    document.querySelectorAll('body > .resettable')","                ).forEach(function (element) {","                    switch (element.tagName) {","                    case 'INPUT':","                    case 'TEXTAREA':","                        element.value = '';","                        break;","                    default:","                        element.textContent = '';","                    }","                });","            }","            switch (event && event.currentTarget && event.currentTarget.id) {","            case 'testRunButton1':","                // show tests","                if (document.querySelector('#testReportDiv1').style.display === 'none') {","                    document.querySelector('#testReportDiv1').style.display = 'block';","                    document.querySelector('#testRunButton1').textContent =","                        'hide internal test';","                    local.modeTest = true;","                    local.testRunDefault(local);","                // hide tests","                } else {","                    document.querySelector('#testReportDiv1').style.display = 'none';","                    document.querySelector('#testRunButton1').textContent = 'run internal test';","                }","                break;","            // custom-case","            default:","                break;","            }","            if (document.querySelector('#inputTextareaEval1') && (!event || (event &&","                    event.currentTarget &&","                    event.currentTarget.className &&","                    event.currentTarget.className.includes &&","                    event.currentTarget.className.includes('oneval')))) {","                // try to eval input-code","                try {","                    /*jslint evil: true*/","                    eval(document.querySelector('#inputTextareaEval1').value);","                } catch (errorCaught) {","                    console.error(errorCaught);","                }","            }","        };","        // log stderr and stdout to #outputTextareaStdout1","        ['error', 'log'].forEach(function (key) {","            console[key + '_original'] = console[key];","            console[key] = function () {","                var element;","                console[key + '_original'].apply(console, arguments);","                element = document.querySelector('#outputTextareaStdout1');","                if (!element) {","                    return;","                }","                // append text to #outputTextareaStdout1","                element.value += Array.from(arguments).map(function (arg) {","                    return typeof arg === 'string'","                        ? arg","                        : JSON.stringify(arg, null, 4);","                }).join(' ') + '\\n';","                // scroll textarea to bottom","                element.scrollTop = element.scrollHeight;","            };","        });","        // init event-handling","        ['change', 'click', 'keyup'].forEach(function (event) {","            Array.from(document.querySelectorAll('.on' + event)).forEach(function (element) {","                element.addEventListener(event, local.testRunBrowser);","            });","        });","        // run tests","        local.testRunBrowser();","        break;","","","","    // run node js-env code - post-init","    /* istanbul ignore next */","    case 'node':","        // export local","        module.exports = local;","        // require modules","        local.fs = require('fs');","        local.http = require('http');","        local.url = require('url');","        // init assets","        local.assetsDict = local.assetsDict || {};","        /* jslint-ignore-begin */","        local.assetsDict['/assets.index.template.html'] = '\\","<!doctype html>\\n\\","<html lang=\"en\">\\n\\","<head>\\n\\","<meta charset=\"UTF-8\">\\n\\","<meta name=\"viewport\" content=\"width=device-width, initial-scale=1\">\\n\\","<title>{{env.npm_package_name}} (v{{env.npm_package_version}})</title>\\n\\","<style>\\n\\","/*csslint\\n\\","    box-sizing: false,\\n\\","    universal-selector: false\\n\\","*/\\n\\","* {\\n\\","    box-sizing: border-box;\\n\\","}\\n\\","body {\\n\\","    background: #dde;\\n\\","    font-family: Arial, Helvetica, sans-serif;\\n\\","    margin: 2rem;\\n\\","}\\n\\","body > * {\\n\\","    margin-bottom: 1rem;\\n\\","}\\n\\",".utility2FooterDiv {\\n\\","    margin-top: 20px;\\n\\","    text-align: center;\\n\\","}\\n\\","</style>\\n\\","<style>\\n\\","/*csslint\\n\\","*/\\n\\","textarea {\\n\\","    font-family: monospace;\\n\\","    height: 10rem;\\n\\","    width: 100%;\\n\\","}\\n\\","textarea[readonly] {\\n\\","    background: #ddd;\\n\\","}\\n\\","</style>\\n\\","</head>\\n\\","<body>\\n\\","<!-- utility2-comment\\n\\","<div id=\"ajaxProgressDiv1\" style=\"background: #d00; height: 2px; left: 0; margin: 0; padding: 0; position: fixed; top: 0; transition: background 0.5s, width 1.5s; width: 25%;\"></div>\\n\\","utility2-comment -->\\n\\","<h1>\\n\\","<!-- utility2-comment\\n\\","    <a\\n\\","        {{#if env.npm_package_homepage}}\\n\\","        href=\"{{env.npm_package_homepage}}\"\\n\\","        {{/if env.npm_package_homepage}}\\n\\","        target=\"_blank\"\\n\\","    >\\n\\","utility2-comment -->\\n\\","        {{env.npm_package_name}} (v{{env.npm_package_version}})\\n\\","<!-- utility2-comment\\n\\","    </a>\\n\\","utility2-comment -->\\n\\","</h1>\\n\\","<h3>{{env.npm_package_description}}</h3>\\n\\","<!-- utility2-comment\\n\\","<h4><a download href=\"assets.app.js\">download standalone app</a></h4>\\n\\","<button class=\"onclick onreset\" id=\"testRunButton1\">run internal test</button><br>\\n\\","<div id=\"testReportDiv1\" style=\"display: none;\"></div>\\n\\","utility2-comment -->\\n\\","\\n\\","\\n\\","\\n\\","<label>stderr and stdout</label>\\n\\","<textarea class=\"resettable\" id=\"outputTextareaStdout1\" readonly></textarea>\\n\\","<!-- utility2-comment\\n\\","{{#if isRollup}}\\n\\","<script src=\"assets.app.js\"></script>\\n\\","{{#unless isRollup}}\\n\\","utility2-comment -->\\n\\","<script src=\"assets.utility2.rollup.js\"></script>\\n\\","<script src=\"jsonp.utility2._stateInit?callback=window.utility2._stateInit\"></script>\\n\\","<script src=\"assets.npmtest_vue_validator.rollup.js\"></script>\\n\\","<script src=\"assets.example.js\"></script>\\n\\","<script src=\"assets.test.js\"></script>\\n\\","<!-- utility2-comment\\n\\","{{/if isRollup}}\\n\\","utility2-comment -->\\n\\","<div class=\"utility2FooterDiv\">\\n\\","    [ this app was created with\\n\\","    <a href=\"https://github.com/kaizhu256/node-utility2\" target=\"_blank\">utility2</a>\\n\\","    ]\\n\\","</div>\\n\\","</body>\\n\\","</html>\\n\\","';","        /* jslint-ignore-end */","        if (local.templateRender) {","            local.assetsDict['/'] = local.templateRender(","                local.assetsDict['/assets.index.template.html'],","                {","                    env: local.objectSetDefault(local.env, {","                        npm_package_description: 'the greatest app in the world!',","                        npm_package_name: 'my-app',","                        npm_package_nameAlias: 'my_app',","                        npm_package_version: '0.0.1'","                    })","                }","            );","        } else {","            local.assetsDict['/'] = local.assetsDict['/assets.index.template.html']","                .replace((/\\{\\{env\\.(\\w+?)\\}\\}/g), function (match0, match1) {","                    // jslint-hack","                    String(match0);","                    switch (match1) {","                    case 'npm_package_description':","                        return 'the greatest app in the world!';","                    case 'npm_package_name':","                        return 'my-app';","                    case 'npm_package_nameAlias':","                        return 'my_app';","                    case 'npm_package_version':","                        return '0.0.1';","                    }","                });","        }","        // run the cli","        if (local.global.utility2_rollup || module !== require.main) {","            break;","        }","        local.assetsDict['/assets.example.js'] =","            local.assetsDict['/assets.example.js'] ||","            local.fs.readFileSync(__filename, 'utf8');","        local.assetsDict['/assets.npmtest_vue_validator.rollup.js'] =","            local.assetsDict['/assets.npmtest_vue_validator.rollup.js'] ||","            local.fs.readFileSync(","                // buildCustomOrg-hack","                local.npmtest_vue_validator.__dirname +","                    '/lib.npmtest_vue_validator.js',","                'utf8'","            ).replace((/^#!/), '//');","        local.assetsDict['/favicon.ico'] = local.assetsDict['/favicon.ico'] || '';","        // if $npm_config_timeout_exit exists,","        // then exit this process after $npm_config_timeout_exit ms","        if (Number(process.env.npm_config_timeout_exit)) {","            setTimeout(process.exit, Number(process.env.npm_config_timeout_exit));","        }","        // start server","        if (local.global.utility2_serverHttp1) {","            break;","        }","        process.env.PORT = process.env.PORT || '8081';","        console.error('server starting on port ' + process.env.PORT);","        local.http.createServer(function (request, response) {","            request.urlParsed = local.url.parse(request.url);","            if (local.assetsDict[request.urlParsed.pathname] !== undefined) {","                response.end(local.assetsDict[request.urlParsed.pathname]);","                return;","            }","            response.statusCode = 404;","            response.end();","        }).listen(process.env.PORT);","        break;","    }","}());",""],"l":{"26":2,"28":2,"33":2,"35":2,"37":2,"38":2,"39":2,"44":1,"51":2,"55":2,"59":2,"61":2,"69":1,"70":2,"76":2,"79":2,"82":2,"83":2,"85":1,"89":2,"92":1,"93":1,"94":1,"96":1,"97":1,"100":1,"101":1,"103":1,"106":1,"108":2,"114":1,"116":1,"118":1,"123":1,"124":2,"125":2,"126":3,"127":3,"128":3,"129":3,"130":1,"133":3,"134":3,"139":3,"143":1,"144":3,"145":1,"149":1,"150":1,"158":1,"160":1,"161":1,"162":1,"164":1,"166":1,"258":1,"259":1,"271":1,"274":6,"275":6,"277":1,"279":2,"281":1,"283":2,"288":1,"289":1,"291":1,"294":1,"302":1,"305":1,"306":1,"309":1,"310":1,"312":1,"313":1,"314":1,"315":1,"316":1,"317":1,"318":1,"320":1,"321":1,"323":1}},"/home/travis/build/npmtest/node-npmtest-vue-validator/node_modules/vue-validator/dist/vue-validator.common.js":{"path":"/home/travis/build/npmtest/node-npmtest-vue-validator/node_modules/vue-validator/dist/vue-validator.common.js","s":{"1":1,"2":1,"3":0,"4":0,"5":1,"6":0,"7":0,"8":1,"9":1,"10":2,"11":5,"12":5,"13":5,"14":5,"15":0,"16":5,"17":1,"18":2,"19":2,"20":2,"21":0,"22":2,"23":1,"24":3,"25":0,"26":3,"27":3,"28":3,"29":1,"30":0,"31":0,"32":0,"33":1,"34":1,"35":1,"36":0,"37":0,"38":0,"39":0,"40":1,"41":0,"42":0,"43":0,"44":0,"45":0,"46":0,"47":0,"48":0,"49":0,"50":0,"51":0,"52":0,"53":1,"54":0,"55":0,"56":0,"57":0,"58":0,"59":0,"60":0,"61":0,"62":1,"63":0,"64":0,"65":1,"66":0,"67":0,"68":0,"69":0,"70":0,"71":0,"72":0,"73":1,"74":0,"75":1,"76":0,"77":0,"78":0,"79":0,"80":0,"81":0,"82":0,"83":1,"84":0,"85":0,"86":0,"87":0,"88":0,"89":0,"90":0,"91":0,"92":0,"93":0,"94":0,"95":0,"96":0,"97":0,"98":0,"99":0,"100":0,"101":0,"102":0,"103":1,"104":0,"105":0,"106":0,"107":0,"108":0,"109":0,"110":1,"111":0,"112":0,"113":0,"114":0,"115":0,"116":1,"117":0,"118":0,"119":0,"120":0,"121":0,"122":1,"123":0,"124":1,"125":0,"126":1,"127":0,"128":1,"129":1,"130":0,"131":0,"132":0,"133":0,"134":0,"135":0,"136":0,"137":0,"138":0,"139":0,"140":0,"141":0,"142":0,"143":0,"144":0,"145":0,"146":0,"147":0,"148":0,"149":0,"150":1,"151":0,"152":0,"153":0,"154":0,"155":0,"156":0,"157":0,"158":0,"159":0,"160":1,"161":1,"162":1,"163":1,"164":1,"165":1,"166":1,"167":1,"168":0,"169":0,"170":0,"171":0,"172":0,"173":0,"174":0,"175":0,"176":0,"177":0,"178":0,"179":0,"180":0,"181":0,"182":0,"183":0,"184":0,"185":0,"186":0,"187":0,"188":0,"189":0,"190":0,"191":0,"192":0,"193":0,"194":0,"195":0,"196":0,"197":0,"198":0,"199":0,"200":0,"201":0,"202":0,"203":0,"204":0,"205":0,"206":0,"207":0,"208":0,"209":1,"210":0,"211":0,"212":0,"213":0,"214":0,"215":0,"216":0,"217":0,"218":0,"219":0,"220":0,"221":1,"222":0,"223":0,"224":0,"225":0,"226":0,"227":0,"228":0,"229":0,"230":0,"231":0,"232":0,"233":0,"234":0,"235":0,"236":0,"237":0,"238":0,"239":0,"240":0,"241":0,"242":0,"243":0,"244":0,"245":0,"246":0,"247":0,"248":0,"249":0,"250":0,"251":0,"252":0,"253":0,"254":0,"255":0,"256":0,"257":0,"258":0,"259":0,"260":0,"261":0,"262":0,"263":0,"264":0,"265":0,"266":0,"267":0,"268":0,"269":0,"270":0,"271":0,"272":0,"273":0,"274":0,"275":0,"276":0,"277":0,"278":0,"279":0,"280":0,"281":0,"282":0,"283":0,"284":0,"285":0,"286":0,"287":0,"288":0,"289":0,"290":0,"291":0,"292":0,"293":0,"294":0,"295":0,"296":0,"297":0,"298":0,"299":0,"300":0,"301":0,"302":0,"303":0,"304":0,"305":0,"306":0,"307":0,"308":0,"309":0,"310":0,"311":0,"312":0,"313":0,"314":0,"315":0,"316":0,"317":0,"318":0,"319":0,"320":0,"321":0,"322":0,"323":0,"324":0,"325":0,"326":0,"327":0,"328":0,"329":0,"330":0,"331":0,"332":0,"333":0,"334":0,"335":0,"336":0,"337":0,"338":0,"339":0,"340":0,"341":0,"342":0,"343":0,"344":0,"345":0,"346":0,"347":0,"348":0,"349":0,"350":0,"351":0,"352":0,"353":0,"354":0,"355":0,"356":0,"357":0,"358":0,"359":0,"360":0,"361":0,"362":0,"363":1,"364":1,"365":0,"366":0,"367":0,"368":0,"369":0,"370":0,"371":0,"372":0,"373":0,"374":0,"375":0,"376":0,"377":0,"378":0,"379":0,"380":0,"381":0,"382":1,"383":0,"384":0,"385":0,"386":0,"387":0,"388":0,"389":0,"390":0,"391":0,"392":0,"393":0,"394":0,"395":0,"396":0,"397":0,"398":0,"399":0,"400":1,"401":0,"402":1,"403":0,"404":0,"405":0,"406":0,"407":0,"408":1,"409":0,"410":0,"411":0,"412":1,"413":0,"414":0,"415":0,"416":0,"417":0,"418":0,"419":0,"420":0,"421":0,"422":0,"423":1,"424":0,"425":0,"426":0,"427":1,"428":0,"429":0,"430":0,"431":0,"432":1,"433":0,"434":0,"435":0,"436":1,"437":0,"438":0,"439":0,"440":1,"441":0,"442":0,"443":0,"444":0,"445":1,"446":0,"447":0,"448":0,"449":1,"450":0,"451":0,"452":0,"453":0,"454":0,"455":0,"456":0,"457":0,"458":0,"459":1,"460":0,"461":0,"462":0,"463":0,"464":0,"465":0,"466":0,"467":0,"468":0,"469":0,"470":0,"471":0,"472":0,"473":0,"474":0,"475":0,"476":0,"477":0,"478":0,"479":0,"480":0,"481":0,"482":0,"483":0,"484":0,"485":0,"486":0,"487":0,"488":0,"489":0,"490":0,"491":0,"492":0,"493":0,"494":0,"495":0,"496":0,"497":0,"498":0,"499":0,"500":0,"501":0,"502":0,"503":0,"504":0,"505":0,"506":0,"507":0,"508":0,"509":0,"510":0,"511":1,"512":0,"513":0,"514":0,"515":0,"516":1,"517":0,"518":0,"519":0,"520":1,"521":0,"522":0,"523":0,"524":0,"525":0,"526":0,"527":0,"528":0,"529":1,"530":0,"531":0,"532":1,"533":0,"534":0,"535":0,"536":0,"537":0,"538":0,"539":0,"540":0,"541":0,"542":1,"543":0,"544":1,"545":0,"546":1,"547":0,"548":1,"549":0,"550":1,"551":0,"552":1,"553":0,"554":1,"555":0,"556":0,"557":0,"558":0,"559":0,"560":0,"561":0,"562":1,"563":0,"564":0,"565":0,"566":0,"567":1,"568":0,"569":0,"570":0,"571":0,"572":0,"573":0,"574":0,"575":0,"576":0,"577":0,"578":1,"579":0,"580":0,"581":0,"582":0,"583":0,"584":0,"585":0,"586":0,"587":0,"588":0,"589":1,"590":0,"591":0,"592":0,"593":0,"594":0,"595":0,"596":0,"597":0,"598":0,"599":0,"600":1,"601":0,"602":0,"603":0,"604":0,"605":0,"606":0,"607":0,"608":1,"609":0,"610":0,"611":0,"612":0,"613":0,"614":0,"615":0,"616":0,"617":0,"618":0,"619":0,"620":0,"621":0,"622":0,"623":0,"624":0,"625":0,"626":0,"627":0,"628":1,"629":0,"630":0,"631":0,"632":0,"633":0,"634":0,"635":0,"636":1,"637":0,"638":0,"639":0,"640":0,"641":0,"642":0,"643":0,"644":0,"645":0,"646":0,"647":0,"648":1,"649":0,"650":0,"651":1,"652":0,"653":0,"654":0,"655":0,"656":0,"657":0,"658":1,"659":1,"660":1,"661":1,"662":0,"663":0,"664":0,"665":0,"666":1,"667":0,"668":0,"669":0,"670":0,"671":0,"672":0,"673":0,"674":0,"675":0,"676":0,"677":0,"678":0,"679":0,"680":0,"681":0,"682":0,"683":0,"684":0,"685":0,"686":0,"687":0,"688":0,"689":0,"690":0,"691":0,"692":0,"693":0,"694":0,"695":0,"696":0,"697":1,"698":0,"699":0,"700":0,"701":0,"702":0,"703":0,"704":0,"705":0,"706":0,"707":0,"708":0,"709":0,"710":1,"711":0,"712":0,"713":0,"714":0,"715":0,"716":0,"717":1,"718":0,"719":0,"720":0,"721":0,"722":0,"723":1,"724":0,"725":0,"726":0,"727":0,"728":0,"729":0,"730":1,"731":0,"732":0,"733":0,"734":0,"735":0,"736":0,"737":0,"738":1,"739":0,"740":0,"741":0,"742":0,"743":1,"744":0,"745":0,"746":0,"747":0,"748":0,"749":0,"750":0,"751":0,"752":0,"753":0,"754":1,"755":0,"756":0,"757":0,"758":0,"759":0,"760":1,"761":0,"762":0,"763":0,"764":0,"765":0,"766":0,"767":0,"768":0,"769":0,"770":0,"771":0,"772":1,"773":1,"774":1,"775":1,"776":0,"777":0,"778":0,"779":0,"780":1,"781":0,"782":0,"783":0,"784":0,"785":0,"786":0,"787":0,"788":0,"789":0,"790":0,"791":0,"792":0,"793":0,"794":0,"795":0,"796":0,"797":0,"798":0,"799":1,"800":0,"801":0,"802":0,"803":0,"804":0,"805":0,"806":0,"807":0,"808":1,"809":0,"810":0,"811":0,"812":0,"813":0,"814":0,"815":1,"816":0,"817":0,"818":0,"819":0,"820":0,"821":1,"822":0,"823":0,"824":0,"825":0,"826":0,"827":0,"828":1,"829":0,"830":0,"831":0,"832":0,"833":0,"834":0,"835":0,"836":1,"837":0,"838":0,"839":0,"840":0,"841":0,"842":1,"843":0,"844":0,"845":0,"846":0,"847":0,"848":0,"849":0,"850":0,"851":0,"852":0,"853":1,"854":0,"855":0,"856":0,"857":0,"858":0,"859":1,"860":0,"861":0,"862":0,"863":0,"864":0,"865":0,"866":0,"867":0,"868":0,"869":0,"870":0,"871":1,"872":1,"873":1,"874":1,"875":0,"876":0,"877":0,"878":0,"879":1,"880":0,"881":0,"882":0,"883":0,"884":0,"885":0,"886":0,"887":0,"888":0,"889":0,"890":0,"891":0,"892":0,"893":0,"894":0,"895":0,"896":0,"897":0,"898":0,"899":0,"900":0,"901":1,"902":0,"903":1,"904":0,"905":0,"906":0,"907":0,"908":0,"909":0,"910":1,"911":0,"912":0,"913":0,"914":0,"915":0,"916":0,"917":1,"918":0,"919":0,"920":0,"921":0,"922":0,"923":1,"924":1,"925":1,"926":0,"927":0,"928":0,"929":0,"930":0,"931":0,"932":0,"933":0,"934":0,"935":0,"936":0,"937":0,"938":0,"939":0,"940":0,"941":1,"942":0,"943":0,"944":0,"945":0,"946":0,"947":0,"948":1,"949":0,"950":0,"951":0,"952":0,"953":0,"954":0,"955":0,"956":0,"957":0,"958":0,"959":0,"960":1,"961":0,"962":0,"963":0,"964":0,"965":0,"966":0,"967":0,"968":0,"969":0,"970":0,"971":1,"972":0,"973":0,"974":0,"975":0,"976":1,"977":0,"978":0,"979":0,"980":0,"981":0,"982":0,"983":0,"984":0,"985":0,"986":0,"987":1,"988":0,"989":0,"990":0,"991":0,"992":0,"993":0,"994":0,"995":1,"996":0,"997":0,"998":0,"999":0,"1000":1,"1001":0,"1002":0,"1003":0,"1004":1,"1005":0,"1006":0,"1007":0,"1008":0,"1009":0,"1010":0,"1011":0,"1012":0,"1013":0,"1014":0,"1015":0,"1016":0,"1017":0,"1018":0,"1019":0,"1020":0,"1021":1,"1022":0,"1023":0,"1024":0,"1025":0,"1026":0,"1027":0,"1028":0,"1029":0,"1030":0,"1031":0,"1032":0,"1033":1,"1034":0,"1035":0,"1036":0,"1037":0,"1038":0,"1039":1,"1040":0,"1041":0,"1042":0,"1043":1,"1044":0,"1045":0,"1046":0,"1047":0,"1048":0,"1049":0,"1050":0,"1051":0,"1052":0,"1053":0,"1054":0,"1055":0,"1056":0,"1057":0,"1058":0,"1059":1,"1060":0,"1061":0,"1062":0,"1063":1,"1064":0,"1065":0,"1066":0,"1067":0,"1068":0,"1069":0,"1070":0,"1071":0,"1072":0,"1073":0,"1074":0,"1075":0,"1076":0,"1077":1,"1078":0,"1079":0,"1080":0,"1081":0,"1082":0,"1083":0,"1084":0,"1085":0,"1086":1,"1087":0,"1088":1,"1089":0,"1090":0,"1091":0,"1092":1,"1093":0,"1094":0,"1095":0,"1096":0,"1097":0,"1098":0,"1099":0,"1100":0,"1101":0,"1102":0,"1103":0,"1104":0,"1105":0,"1106":0,"1107":0,"1108":0,"1109":0,"1110":0,"1111":0,"1112":0,"1113":1,"1114":0,"1115":0,"1116":0,"1117":1,"1118":0,"1119":0,"1120":0,"1121":0,"1122":0,"1123":0,"1124":1,"1125":0,"1126":0,"1127":0,"1128":0,"1129":0,"1130":0,"1131":0,"1132":0,"1133":1,"1134":0,"1135":0,"1136":0,"1137":0,"1138":0,"1139":0,"1140":0,"1141":0,"1142":1,"1143":0,"1144":0,"1145":0,"1146":0,"1147":0,"1148":0,"1149":0,"1150":0,"1151":1,"1152":0,"1153":0,"1154":0,"1155":0,"1156":0,"1157":0,"1158":0,"1159":0,"1160":1,"1161":0,"1162":0,"1163":0,"1164":1,"1165":0,"1166":0,"1167":0,"1168":0,"1169":0,"1170":0,"1171":1,"1172":0,"1173":0,"1174":0,"1175":0,"1176":0,"1177":1,"1178":0,"1179":0,"1180":0,"1181":0,"1182":0,"1183":0,"1184":0,"1185":0,"1186":1,"1187":0,"1188":1,"1189":0,"1190":0,"1191":0,"1192":0,"1193":0,"1194":1,"1195":0,"1196":0,"1197":0,"1198":0,"1199":0,"1200":0,"1201":1,"1202":0,"1203":0,"1204":0,"1205":0,"1206":0,"1207":0,"1208":0,"1209":0,"1210":0,"1211":0,"1212":0,"1213":1,"1214":0,"1215":1,"1216":0,"1217":1,"1218":0,"1219":1,"1220":0,"1221":1,"1222":0,"1223":1,"1224":0,"1225":1,"1226":0,"1227":1,"1228":0,"1229":0,"1230":0,"1231":0,"1232":0,"1233":0,"1234":0,"1235":0,"1236":0,"1237":0,"1238":0,"1239":0,"1240":0,"1241":0,"1242":0,"1243":0,"1244":0,"1245":0,"1246":0,"1247":1,"1248":0,"1249":0,"1250":0,"1251":0,"1252":0,"1253":0,"1254":0,"1255":0,"1256":1,"1257":1,"1258":0,"1259":0,"1260":0,"1261":0,"1262":0,"1263":0,"1264":0,"1265":0,"1266":0,"1267":0,"1268":0,"1269":0,"1270":0,"1271":0,"1272":0,"1273":0,"1274":0,"1275":0,"1276":0,"1277":0,"1278":0,"1279":0,"1280":0,"1281":0,"1282":0,"1283":0,"1284":0,"1285":0,"1286":0,"1287":0,"1288":0,"1289":0,"1290":0,"1291":0,"1292":0,"1293":0,"1294":0,"1295":0,"1296":0,"1297":0,"1298":0,"1299":0,"1300":0,"1301":0,"1302":0,"1303":0,"1304":0,"1305":0,"1306":0,"1307":0,"1308":0,"1309":1,"1310":0,"1311":0,"1312":0,"1313":1,"1314":0,"1315":0,"1316":0,"1317":0,"1318":0,"1319":0,"1320":0,"1321":0,"1322":0,"1323":0,"1324":0,"1325":0,"1326":0,"1327":0,"1328":0,"1329":0,"1330":0,"1331":0,"1332":0,"1333":0,"1334":0,"1335":0,"1336":0,"1337":0,"1338":1,"1339":0,"1340":0,"1341":0,"1342":0,"1343":0,"1344":0,"1345":0,"1346":0,"1347":0,"1348":0,"1349":0,"1350":1,"1351":1,"1352":0,"1353":1},"b":{"1":[1,0],"2":[1,1],"3":[0,0],"4":[0,0,0],"5":[0,0],"6":[5,5],"7":[0,5],"8":[2,0],"9":[0,2],"10":[0,3],"11":[3,0],"12":[3,3],"13":[3,0],"14":[3,0],"15":[0,0],"16":[0,0],"17":[0,0,0],"18":[0,0],"19":[0,0],"20":[0,0],"21":[0,0],"22":[0,0],"23":[0,0],"24":[0,0],"25":[0,0],"26":[0,0],"27":[0,0],"28":[0,0],"29":[0,0],"30":[0,0],"31":[0,0],"32":[0,0],"33":[0,0],"34":[0,0],"35":[0,0],"36":[0,0],"37":[0,0],"38":[0,0],"39":[0,0],"40":[0,0],"41":[0,0],"42":[0,0],"43":[0,0],"44":[0,0],"45":[0,0],"46":[0,0],"47":[0,0],"48":[0,0],"49":[0,0],"50":[0,0],"51":[0,0],"52":[0,0],"53":[0,0],"54":[0,0],"55":[0,0],"56":[0,0,0],"57":[0,0,0],"58":[0,0],"59":[0,0],"60":[0,0],"61":[0,0],"62":[0,0],"63":[0,0],"64":[0,0],"65":[0,0],"66":[0,0],"67":[0,0],"68":[0,0],"69":[0,0],"70":[0,0],"71":[0,0],"72":[0,0],"73":[0,0],"74":[0,0],"75":[0,0],"76":[0,0,0],"77":[0,0],"78":[0,0],"79":[0,0],"80":[0,0],"81":[0,0],"82":[0,0],"83":[0,0],"84":[0,0],"85":[0,0,0],"86":[0,0],"87":[0,0,0],"88":[0,0],"89":[0,0],"90":[0,0],"91":[0,0],"92":[0,0],"93":[0,0],"94":[0,0],"95":[0,0,0],"96":[0,0],"97":[0,0],"98":[0,0],"99":[0,0],"100":[0,0],"101":[0,0],"102":[0,0],"103":[0,0],"104":[0,0],"105":[0,0],"106":[0,0],"107":[0,0],"108":[0,0],"109":[0,0],"110":[0,0],"111":[0,0],"112":[0,0],"113":[0,0],"114":[0,0,0],"115":[0,0,0],"116":[0,0],"117":[0,0],"118":[0,0],"119":[0,0],"120":[0,0],"121":[0,0],"122":[0,0],"123":[0,0],"124":[0,0],"125":[0,0],"126":[0,0],"127":[0,0],"128":[0,0],"129":[0,0],"130":[0,0],"131":[0,0],"132":[0,0],"133":[0,0],"134":[0,0],"135":[0,0],"136":[0,0],"137":[0,0],"138":[0,0],"139":[0,0],"140":[0,0],"141":[0,0],"142":[0,0],"143":[0,0],"144":[0,0],"145":[0,0],"146":[0,0],"147":[0,0],"148":[0,0],"149":[0,0],"150":[0,0],"151":[0,0],"152":[0,0],"153":[0,0],"154":[0,0],"155":[0,0],"156":[0,0],"157":[0,0],"158":[0,0],"159":[0,0],"160":[0,0],"161":[0,0],"162":[0,0],"163":[0,0],"164":[0,0],"165":[0,0],"166":[0,0],"167":[0,0],"168":[0,0],"169":[0,0],"170":[0,0,0],"171":[0,0],"172":[0,0,0],"173":[0,0],"174":[0,0,0],"175":[0,0],"176":[0,0,0],"177":[0,0],"178":[0,0],"179":[0,0],"180":[0,0],"181":[0,0],"182":[0,0],"183":[0,0],"184":[0,0],"185":[0,0],"186":[0,0],"187":[0,0],"188":[0,0],"189":[0,0],"190":[0,0],"191":[0,0],"192":[0,0],"193":[0,0],"194":[0,0],"195":[0,0],"196":[0,0],"197":[0,0],"198":[0,0],"199":[0,0],"200":[0,0],"201":[0,0],"202":[0,0],"203":[0,0],"204":[0,0],"205":[0,0],"206":[0,0],"207":[0,0],"208":[0,0],"209":[0,0],"210":[0,0],"211":[0,0],"212":[0,0],"213":[0,0],"214":[0,0],"215":[0,0],"216":[0,0],"217":[0,0],"218":[0,0],"219":[0,0],"220":[0,0],"221":[0,0],"222":[0,0],"223":[0,0],"224":[0,0],"225":[0,0],"226":[0,0,0],"227":[0,0],"228":[0,0],"229":[0,0],"230":[0,0],"231":[0,0],"232":[0,0],"233":[0,0],"234":[0,0],"235":[0,0],"236":[0,0],"237":[0,0],"238":[0,0],"239":[0,0],"240":[0,0],"241":[0,0],"242":[0,0],"243":[0,0],"244":[0,0],"245":[0,0],"246":[0,0],"247":[0,0],"248":[0,0],"249":[0,0],"250":[0,0],"251":[0,0],"252":[0,0],"253":[0,0],"254":[0,0],"255":[0,0],"256":[0,0],"257":[0,0],"258":[0,0],"259":[0,0],"260":[0,0],"261":[0,0],"262":[0,0],"263":[0,0],"264":[0,0],"265":[0,0],"266":[0,0],"267":[0,0],"268":[0,0],"269":[0,0],"270":[0,0],"271":[0,0],"272":[0,0],"273":[0,0],"274":[0,0,0,0],"275":[0,0],"276":[0,0],"277":[0,0],"278":[0,0],"279":[0,0],"280":[0,0],"281":[0,0],"282":[0,0],"283":[0,0],"284":[0,0,0],"285":[0,0],"286":[0,0],"287":[0,0],"288":[0,0],"289":[0,0],"290":[0,0],"291":[0,0],"292":[0,0],"293":[0,0],"294":[0,0],"295":[0,0],"296":[0,0],"297":[0,0],"298":[0,0],"299":[0,0],"300":[0,0],"301":[0,0],"302":[0,0],"303":[0,0],"304":[0,0],"305":[0,0],"306":[0,0],"307":[0,0],"308":[0,0,0,0,0],"309":[0,0],"310":[0,0],"311":[0,0],"312":[0,0],"313":[0,0],"314":[0,0],"315":[0,0],"316":[0,0],"317":[0,0],"318":[0,0],"319":[0,0],"320":[0,0],"321":[0,0],"322":[0,0],"323":[0,0],"324":[0,0],"325":[0,0],"326":[0,0],"327":[0,0],"328":[0,0],"329":[0,0],"330":[0,0],"331":[0,0],"332":[0,0],"333":[0,0],"334":[0,0],"335":[0,0],"336":[0,0],"337":[0,0],"338":[0,0],"339":[0,0],"340":[0,0],"341":[0,0],"342":[0,0],"343":[0,0],"344":[0,0],"345":[0,0],"346":[0,0],"347":[0,0],"348":[0,0],"349":[0,0],"350":[0,0],"351":[0,0],"352":[0,0],"353":[0,0],"354":[0,0],"355":[0,0],"356":[0,1],"357":[1,0]},"f":{"1":0,"2":0,"3":0,"4":1,"5":2,"6":2,"7":3,"8":0,"9":0,"10":0,"11":0,"12":0,"13":0,"14":0,"15":0,"16":0,"17":0,"18":0,"19":0,"20":0,"21":0,"22":0,"23":0,"24":0,"25":0,"26":0,"27":0,"28":0,"29":0,"30":0,"31":0,"32":0,"33":0,"34":0,"35":0,"36":0,"37":0,"38":0,"39":0,"40":0,"41":0,"42":0,"43":0,"44":0,"45":0,"46":0,"47":0,"48":0,"49":0,"50":0,"51":0,"52":0,"53":0,"54":0,"55":0,"56":0,"57":0,"58":0,"59":1,"60":0,"61":0,"62":0,"63":0,"64":0,"65":0,"66":0,"67":0,"68":0,"69":0,"70":0,"71":0,"72":0,"73":0,"74":0,"75":0,"76":0,"77":0,"78":0,"79":0,"80":0,"81":0,"82":0,"83":0,"84":0,"85":0,"86":0,"87":0,"88":0,"89":0,"90":0,"91":0,"92":0,"93":0,"94":0,"95":0,"96":0,"97":0,"98":0,"99":0,"100":0,"101":0,"102":0,"103":0,"104":0,"105":0,"106":0,"107":0,"108":0,"109":0,"110":0,"111":0,"112":0,"113":0,"114":0,"115":0,"116":0,"117":1,"118":0,"119":0,"120":0,"121":0,"122":0,"123":0,"124":0,"125":0,"126":0,"127":0,"128":0,"129":0,"130":0,"131":0,"132":0,"133":0,"134":0,"135":0,"136":0,"137":0,"138":0,"139":0,"140":1,"141":0,"142":0,"143":0,"144":0,"145":0,"146":0,"147":0,"148":0,"149":0,"150":0,"151":0,"152":0,"153":0,"154":0,"155":0,"156":0,"157":0,"158":0,"159":0,"160":0,"161":0,"162":1,"163":0,"164":0,"165":0,"166":0,"167":0,"168":0,"169":0,"170":1,"171":0,"172":0,"173":0,"174":0,"175":0,"176":0,"177":0,"178":0,"179":0,"180":0,"181":0,"182":0,"183":0,"184":0,"185":0,"186":0,"187":0,"188":0,"189":0,"190":0,"191":0,"192":0,"193":0,"194":0,"195":0,"196":0,"197":0,"198":0,"199":0,"200":0,"201":0,"202":0,"203":0,"204":0,"205":0,"206":0,"207":0,"208":0,"209":0,"210":0,"211":0,"212":0,"213":0,"214":0,"215":0,"216":0,"217":0,"218":0,"219":0,"220":0,"221":0,"222":0,"223":0,"224":0,"225":0,"226":0,"227":0,"228":0,"229":0,"230":0,"231":0,"232":0,"233":0,"234":0,"235":0,"236":0,"237":0,"238":0,"239":0,"240":0,"241":0,"242":0,"243":0,"244":0,"245":0,"246":0,"247":0,"248":0,"249":0,"250":0,"251":0,"252":0,"253":0,"254":0,"255":0,"256":0,"257":0,"258":0,"259":0},"fnMap":{"1":{"name":"(anonymous_1)","line":9,"loc":{"start":{"line":9,"column":92},"end":{"line":9,"column":107}}},"2":{"name":"(anonymous_2)","line":11,"loc":{"start":{"line":11,"column":4},"end":{"line":11,"column":19}}},"3":{"name":"(anonymous_3)","line":15,"loc":{"start":{"line":15,"column":30},"end":{"line":15,"column":63}}},"4":{"name":"(anonymous_4)","line":21,"loc":{"start":{"line":21,"column":27},"end":{"line":21,"column":39}}},"5":{"name":"defineProperties","line":22,"loc":{"start":{"line":22,"column":2},"end":{"line":22,"column":43}}},"6":{"name":"(anonymous_6)","line":32,"loc":{"start":{"line":32,"column":9},"end":{"line":32,"column":57}}},"7":{"name":"(anonymous_7)","line":39,"loc":{"start":{"line":39,"column":24},"end":{"line":39,"column":56}}},"8":{"name":"(anonymous_8)","line":55,"loc":{"start":{"line":55,"column":41},"end":{"line":55,"column":63}}},"9":{"name":"warn","line":78,"loc":{"start":{"line":78,"column":0},"end":{"line":78,"column":24}}},"10":{"name":"empty","line":94,"loc":{"start":{"line":94,"column":0},"end":{"line":94,"column":23}}},"11":{"name":"each","line":125,"loc":{"start":{"line":125,"column":0},"end":{"line":125,"column":41}}},"12":{"name":"pull","line":148,"loc":{"start":{"line":148,"column":0},"end":{"line":148,"column":25}}},"13":{"name":"trigger","line":161,"loc":{"start":{"line":161,"column":0},"end":{"line":161,"column":34}}},"14":{"name":"isPromise","line":185,"loc":{"start":{"line":185,"column":0},"end":{"line":185,"column":22}}},"15":{"name":"toggleClasses","line":197,"loc":{"start":{"line":197,"column":0},"end":{"line":197,"column":36}}},"16":{"name":"required","line":223,"loc":{"start":{"line":223,"column":0},"end":{"line":223,"column":23}}},"17":{"name":"pattern","line":260,"loc":{"start":{"line":260,"column":0},"end":{"line":260,"column":27}}},"18":{"name":"minlength","line":283,"loc":{"start":{"line":283,"column":0},"end":{"line":283,"column":29}}},"19":{"name":"maxlength","line":303,"loc":{"start":{"line":303,"column":0},"end":{"line":303,"column":29}}},"20":{"name":"min","line":323,"loc":{"start":{"line":323,"column":0},"end":{"line":323,"column":23}}},"21":{"name":"max","line":337,"loc":{"start":{"line":337,"column":0},"end":{"line":337,"column":23}}},"22":{"name":"isInteger","line":351,"loc":{"start":{"line":351,"column":0},"end":{"line":351,"column":24}}},"23":{"name":"Asset","line":365,"loc":{"start":{"line":365,"column":0},"end":{"line":365,"column":21}}},"24":{"name":"(anonymous_24)","line":376,"loc":{"start":{"line":376,"column":24},"end":{"line":376,"column":49}}},"25":{"name":"(anonymous_25)","line":399,"loc":{"start":{"line":399,"column":18},"end":{"line":399,"column":44}}},"26":{"name":"Override","line":408,"loc":{"start":{"line":408,"column":0},"end":{"line":408,"column":24}}},"27":{"name":"(anonymous_27)","line":411,"loc":{"start":{"line":411,"column":24},"end":{"line":411,"column":43}}},"28":{"name":"(anonymous_28)","line":420,"loc":{"start":{"line":420,"column":27},"end":{"line":420,"column":39}}},"29":{"name":"ValidateClass","line":436,"loc":{"start":{"line":436,"column":0},"end":{"line":436,"column":29}}},"30":{"name":"bind","line":452,"loc":{"start":{"line":452,"column":10},"end":{"line":452,"column":26}}},"31":{"name":"(anonymous_31)","line":458,"loc":{"start":{"line":458,"column":45},"end":{"line":458,"column":86}}},"32":{"name":"unbind","line":466,"loc":{"start":{"line":466,"column":12},"end":{"line":466,"column":30}}},"33":{"name":"setClassIds","line":470,"loc":{"start":{"line":470,"column":17},"end":{"line":470,"column":46}}},"34":{"name":"setupFragment","line":492,"loc":{"start":{"line":492,"column":19},"end":{"line":492,"column":44}}},"35":{"name":"teardownFragment","line":500,"loc":{"start":{"line":500,"column":22},"end":{"line":500,"column":50}}},"36":{"name":"Validate","line":513,"loc":{"start":{"line":513,"column":0},"end":{"line":513,"column":24}}},"37":{"name":"checkTextareaCloneBug","line":528,"loc":{"start":{"line":528,"column":2},"end":{"line":528,"column":35}}},"38":{"name":"detectBlur","line":550,"loc":{"start":{"line":550,"column":18},"end":{"line":550,"column":48}}},"39":{"name":"detectChange","line":557,"loc":{"start":{"line":557,"column":20},"end":{"line":557,"column":52}}},"40":{"name":"bind","line":566,"loc":{"start":{"line":566,"column":10},"end":{"line":566,"column":26}}},"41":{"name":"update","line":607,"loc":{"start":{"line":607,"column":12},"end":{"line":607,"column":40}}},"42":{"name":"unbind","line":624,"loc":{"start":{"line":624,"column":12},"end":{"line":624,"column":30}}},"43":{"name":"parseModelRaw","line":635,"loc":{"start":{"line":635,"column":19},"end":{"line":635,"column":47}}},"44":{"name":"setupValidate","line":643,"loc":{"start":{"line":643,"column":19},"end":{"line":643,"column":64}}},"45":{"name":"listen","line":655,"loc":{"start":{"line":655,"column":12},"end":{"line":655,"column":30}}},"46":{"name":"unlisten","line":680,"loc":{"start":{"line":680,"column":14},"end":{"line":680,"column":34}}},"47":{"name":"teardownValidate","line":703,"loc":{"start":{"line":703,"column":22},"end":{"line":703,"column":50}}},"48":{"name":"setupFragment","line":716,"loc":{"start":{"line":716,"column":19},"end":{"line":716,"column":44}}},"49":{"name":"teardownFragment","line":724,"loc":{"start":{"line":724,"column":22},"end":{"line":724,"column":50}}},"50":{"name":"handleArray","line":734,"loc":{"start":{"line":734,"column":17},"end":{"line":734,"column":59}}},"51":{"name":"(anonymous_51)","line":739,"loc":{"start":{"line":739,"column":18},"end":{"line":739,"column":33}}},"52":{"name":"handleObject","line":743,"loc":{"start":{"line":743,"column":18},"end":{"line":743,"column":61}}},"53":{"name":"(anonymous_53)","line":748,"loc":{"start":{"line":748,"column":18},"end":{"line":748,"column":38}}},"54":{"name":"isDetectBlur","line":760,"loc":{"start":{"line":760,"column":18},"end":{"line":760,"column":52}}},"55":{"name":"isDetectChange","line":763,"loc":{"start":{"line":763,"column":20},"end":{"line":763,"column":58}}},"56":{"name":"isInitialNoopValidation","line":766,"loc":{"start":{"line":766,"column":29},"end":{"line":766,"column":71}}},"57":{"name":"shimNode","line":769,"loc":{"start":{"line":769,"column":14},"end":{"line":769,"column":38}}},"58":{"name":"getElementFrom","line":783,"loc":{"start":{"line":783,"column":20},"end":{"line":783,"column":50}}},"59":{"name":"(anonymous_59)","line":793,"loc":{"start":{"line":793,"column":21},"end":{"line":793,"column":33}}},"60":{"name":"BaseValidation","line":794,"loc":{"start":{"line":794,"column":2},"end":{"line":794,"column":101}}},"61":{"name":"manageElement","line":816,"loc":{"start":{"line":816,"column":43},"end":{"line":816,"column":79}}},"62":{"name":"(anonymous_62)","line":832,"loc":{"start":{"line":832,"column":42},"end":{"line":832,"column":62}}},"63":{"name":"unmanageElement","line":847,"loc":{"start":{"line":847,"column":45},"end":{"line":847,"column":74}}},"64":{"name":"resetValidation","line":851,"loc":{"start":{"line":851,"column":45},"end":{"line":851,"column":72}}},"65":{"name":"(anonymous_65)","line":855,"loc":{"start":{"line":855,"column":15},"end":{"line":855,"column":37}}},"66":{"name":"resetValidationNoopable","line":861,"loc":{"start":{"line":861,"column":53},"end":{"line":861,"column":88}}},"67":{"name":"(anonymous_67)","line":862,"loc":{"start":{"line":862,"column":27},"end":{"line":862,"column":54}}},"68":{"name":"setValidation","line":869,"loc":{"start":{"line":869,"column":43},"end":{"line":869,"column":91}}},"69":{"name":"setValidationClasses","line":887,"loc":{"start":{"line":887,"column":50},"end":{"line":887,"column":89}}},"70":{"name":"(anonymous_70)","line":890,"loc":{"start":{"line":890,"column":18},"end":{"line":890,"column":40}}},"71":{"name":"willUpdateFlags","line":895,"loc":{"start":{"line":895,"column":45},"end":{"line":895,"column":72}}},"72":{"name":"willUpdateTouched","line":903,"loc":{"start":{"line":903,"column":47},"end":{"line":903,"column":84}}},"73":{"name":"willUpdateDirty","line":910,"loc":{"start":{"line":910,"column":45},"end":{"line":910,"column":74}}},"74":{"name":"willUpdateModified","line":917,"loc":{"start":{"line":917,"column":48},"end":{"line":917,"column":80}}},"75":{"name":"listener","line":925,"loc":{"start":{"line":925,"column":38},"end":{"line":925,"column":59}}},"76":{"name":"handleValidate","line":933,"loc":{"start":{"line":933,"column":44},"end":{"line":933,"column":72}}},"77":{"name":"validate","line":948,"loc":{"start":{"line":948,"column":38},"end":{"line":948,"column":60}}},"78":{"name":"(anonymous_78)","line":960,"loc":{"start":{"line":960,"column":24},"end":{"line":960,"column":58}}},"79":{"name":"(anonymous_79)","line":993,"loc":{"start":{"line":993,"column":78},"end":{"line":993,"column":98}}},"80":{"name":"(anonymous_80)","line":1017,"loc":{"start":{"line":1017,"column":7},"end":{"line":1017,"column":19}}},"81":{"name":"resetFlags","line":1041,"loc":{"start":{"line":1041,"column":40},"end":{"line":1041,"column":62}}},"82":{"name":"reset","line":1048,"loc":{"start":{"line":1048,"column":35},"end":{"line":1048,"column":52}}},"83":{"name":"willUpdateClasses","line":1054,"loc":{"start":{"line":1054,"column":47},"end":{"line":1054,"column":83}}},"84":{"name":"(anonymous_84)","line":1060,"loc":{"start":{"line":1060,"column":7},"end":{"line":1060,"column":19}}},"85":{"name":"(anonymous_85)","line":1062,"loc":{"start":{"line":1062,"column":28},"end":{"line":1062,"column":40}}},"86":{"name":"updateClasses","line":1071,"loc":{"start":{"line":1071,"column":43},"end":{"line":1071,"column":75}}},"87":{"name":"guardValidate","line":1077,"loc":{"start":{"line":1077,"column":43},"end":{"line":1077,"column":76}}},"88":{"name":"_getValue","line":1097,"loc":{"start":{"line":1097,"column":39},"end":{"line":1097,"column":62}}},"89":{"name":"_getScope","line":1101,"loc":{"start":{"line":1101,"column":39},"end":{"line":1101,"column":60}}},"90":{"name":"_getClassIds","line":1105,"loc":{"start":{"line":1105,"column":42},"end":{"line":1105,"column":68}}},"91":{"name":"_checkModified","line":1109,"loc":{"start":{"line":1109,"column":44},"end":{"line":1109,"column":76}}},"92":{"name":"_checkClassIds","line":1113,"loc":{"start":{"line":1113,"column":44},"end":{"line":1113,"column":72}}},"93":{"name":"_fireEvent","line":1117,"loc":{"start":{"line":1117,"column":40},"end":{"line":1117,"column":76}}},"94":{"name":"_evalModel","line":1121,"loc":{"start":{"line":1121,"column":40},"end":{"line":1121,"column":76}}},"95":{"name":"_updateClasses","line":1134,"loc":{"start":{"line":1134,"column":44},"end":{"line":1134,"column":81}}},"96":{"name":"_toggleValid","line":1141,"loc":{"start":{"line":1141,"column":42},"end":{"line":1141,"column":75}}},"97":{"name":"_toggleTouched","line":1158,"loc":{"start":{"line":1158,"column":44},"end":{"line":1158,"column":81}}},"98":{"name":"_togglePristine","line":1175,"loc":{"start":{"line":1175,"column":45},"end":{"line":1175,"column":84}}},"99":{"name":"_toggleModfied","line":1192,"loc":{"start":{"line":1192,"column":44},"end":{"line":1192,"column":82}}},"100":{"name":"_applyFilters","line":1206,"loc":{"start":{"line":1206,"column":43},"end":{"line":1206,"column":99}}},"101":{"name":"_runValidators","line":1246,"loc":{"start":{"line":1246,"column":44},"end":{"line":1246,"column":76}}},"102":{"name":"(anonymous_102)","line":1251,"loc":{"start":{"line":1251,"column":21},"end":{"line":1251,"column":49}}},"103":{"name":"(anonymous_103)","line":1252,"loc":{"start":{"line":1252,"column":27},"end":{"line":1252,"column":39}}},"104":{"name":"_invokeValidator","line":1259,"loc":{"start":{"line":1259,"column":46},"end":{"line":1259,"column":101}}},"105":{"name":"(anonymous_105)","line":1263,"loc":{"start":{"line":1263,"column":13},"end":{"line":1263,"column":25}}},"106":{"name":"(anonymous_106)","line":1266,"loc":{"start":{"line":1266,"column":9},"end":{"line":1266,"column":24}}},"107":{"name":"(anonymous_107)","line":1272,"loc":{"start":{"line":1272,"column":18},"end":{"line":1272,"column":30}}},"108":{"name":"(anonymous_108)","line":1275,"loc":{"start":{"line":1275,"column":9},"end":{"line":1275,"column":24}}},"109":{"name":"(anonymous_109)","line":1278,"loc":{"start":{"line":1278,"column":15},"end":{"line":1278,"column":30}}},"110":{"name":"_resolveValidator","line":1287,"loc":{"start":{"line":1287,"column":47},"end":{"line":1287,"column":80}}},"111":{"name":"get","line":1294,"loc":{"start":{"line":
[...]
tor.prototype._defineUntouched = function _defineUntouched(scopeGetter) {","    return !scopeGetter().touched;","  };","","  Validator.prototype._defineModified = function _defineModified(validationsGetter) {","    return this._walkValidations(validationsGetter(), 'modified', false);","  };","","  Validator.prototype._defineDirty = function _defineDirty(validationsGetter) {","    return this._walkValidations(validationsGetter(), 'dirty', false);","  };","","  Validator.prototype._definePristine = function _definePristine(scopeGetter) {","    return !scopeGetter().dirty;","  };","","  Validator.prototype._defineErrors = function _defineErrors(validationsGetter) {","    var _this12 = this;","","    var hasOwn = exports$1.Vue.util.hasOwn;","    var isPlainObject = exports$1.Vue.util.isPlainObject;","    var errors = [];","","    each(validationsGetter(), function (validation, key) {","      if (hasOwn(_this12._scope, validation.field)) {","        var target = _this12._scope[validation.field];","        if (target && !empty(target.errors)) {","          each(target.errors, function (err, index) {","            var error = { field: validation.field };","            if (isPlainObject(err)) {","              if (err.validator) {","                error.validator = err.validator;","              }","              error.message = err.message;","            } else if (typeof err === 'string') {","              error.message = err;","            }","            errors.push(error);","          });","        }","      }","    });","","    return empty(errors) ? undefined : errors.sort(function (a, b) {","      return a.field < b.field ? -1 : 1;","    });","  };","","  babelHelpers.createClass(Validator, [{","    key: 'validations',","    get: function get() {","      var extend = exports$1.Vue.util.extend;","","      var ret = {};","      extend(ret, this._validations);","","      each(this._checkboxValidations, function (dataset, key) {","        ret[key] = dataset.validation;","      });","","      each(this._radioValidations, function (dataset, key) {","        ret[key] = dataset.validation;","      });","","      return ret;","    }","  }]);","  return Validator;","}();","","function Validator (Vue) {","  var FragmentFactory = Vue.FragmentFactory;","  var vIf = Vue.directive('if');","  var _Vue$util = Vue.util;","  var isArray = _Vue$util.isArray;","  var isPlainObject = _Vue$util.isPlainObject;","  var createAnchor = _Vue$util.createAnchor;","  var replace = _Vue$util.replace;","  var extend = _Vue$util.extend;","  var camelize = _Vue$util.camelize;","","  /**","   * `validator` element directive","   */","","  Vue.elementDirective('validator', {","    params: ['name', 'groups', 'lazy', 'classes'],","","    bind: function bind() {","      var params = this.params;","","      if (process.env.NODE_ENV !== 'production' && !params.name) {","        warn('validator element requires a \\'name\\' attribute: ' + '(e.g. <validator name=\"validator1\">...</validator>)');","        return;","      }","","      this.validatorName = '$' + camelize(params.name);","      if (!this.vm._validatorMaps) {","        throw new Error('Invalid validator management error');","      }","","      var classes = {};","      if (isPlainObject(this.params.classes)) {","        classes = this.params.classes;","      }","","      this.setupValidator(classes);","      this.setupFragment(params.lazy);","    },","    unbind: function unbind() {","      this.teardownFragment();","      this.teardownValidator();","    },","    getGroups: function getGroups() {","      var params = this.params;","      var groups = [];","","      if (params.groups) {","        if (isArray(params.groups)) {","          groups = params.groups;","        } else if (!isPlainObject(params.groups) && typeof params.groups === 'string') {","          groups.push(params.groups);","        }","      }","","      return groups;","    },","    setupValidator: function setupValidator(classes) {","      var validator = this.validator = new Validator$1(this.validatorName, this, this.getGroups(), classes);","      validator.enableReactive();","      validator.setupScope();","      validator.registerEvents();","    },","    teardownValidator: function teardownValidator() {","      this.validator.unregisterEvents();","      this.validator.disableReactive();","","      if (this.validatorName) {","        this.validatorName = null;","        this.validator = null;","      }","    },","    setupFragment: function setupFragment(lazy) {","      var _this = this;","","      var vm = this.vm;","","      this.validator.waitFor(function () {","        _this.anchor = createAnchor('vue-validator');","        replace(_this.el, _this.anchor);","        extend(vm.$options, { _validator: _this.validatorName });","        _this.factory = new FragmentFactory(vm, _this.el.innerHTML);","        vIf.insert.call(_this);","      });","","      !lazy && vm.$activateValidator();","    },","    teardownFragment: function teardownFragment() {","      vIf.unbind.call(this);","    }","  });","}","","function ValidatorError (Vue) {","  /**","   * ValidatorError component","   */","","  var error = {","    name: 'validator-error',","","    props: {","      field: {","        type: String,","        required: true","      },","      validator: {","        type: String","      },","      message: {","        type: String,","        required: true","      },","      partial: {","        type: String,","        default: 'validator-error-default'","      }","    },","","    template: '<div><partial :name=\"partial\"></partial></div>',","","    partials: {}","  };","","  // only use ValidatorError component","  error.partials['validator-error-default'] = '<p>{{field}}: {{message}}</p>';","","  return error;","}","","function Errors (Vue) {","  var _ = Vue.util;","  var error = ValidatorError(Vue); // import ValidatorError component","","  /**","   * ValidatorErrors component","   */","","  var errors = {","    name: 'validator-errors',","","    props: {","      validation: {","        type: Object,","        required: true","      },","      group: {","        type: String,","        default: null","      },","      field: {","        type: String,","        default: null","      },","      component: {","        type: String,","        default: 'validator-error'","      }","    },","","    computed: {","      errors: function errors() {","        var _this = this;","","        if (this.group !== null) {","          return this.validation[this.group].errors;","        } else if (this.field !== null) {","          var target = this.validation[this.field];","          if (!target.errors) {","            return;","          }","","          return target.errors.map(function (error) {","            var err = { field: _this.field };","            if (_.isPlainObject(error)) {","              if (error.validator) {","                err.validator = error.validator;","              }","              err.message = error.message;","            } else if (typeof error === 'string') {","              err.message = error;","            }","            return err;","          });","        } else {","          return this.validation.errors;","        }","      }","    },","","    template: '<template v-for=\"error in errors\">' + '<component :is=\"component\" :partial=\"partial\" :field=\"error.field\" :validator=\"error.validator\" :message=\"error.message\">' + '</component>' + '</template>',","","    components: {}","  };","","  // define 'partial' prop","  errors.props['partial'] = error.props['partial'];","","  // only use ValidatorErrors component","  errors.components[error.name] = error;","","  // install ValidatorErrors component","  Vue.component(errors.name, errors);","","  return errors;","}","","/**"," * plugin"," *"," * @param {Function} Vue"," * @param {Object} options"," */","","function plugin(Vue) {","  var options = arguments.length <= 1 || arguments[1] === undefined ? {} : arguments[1];","","  if (plugin.installed) {","    warn('already installed.');","    return;","  }","","  exports$1.Vue = Vue;","  Asset(Vue);","  Errors(Vue);","","  Override(Vue);","  Validator(Vue);","  ValidateClass(Vue);","  Validate(Vue);","}","","plugin.version = '2.1.7';","","if (typeof window !== 'undefined' && window.Vue) {","  window.Vue.use(plugin);","}","","module.exports = plugin;"],"l":{"8":1,"9":1,"10":0,"12":0,"15":1,"16":0,"17":0,"21":1,"22":1,"23":2,"24":5,"25":5,"26":5,"27":5,"28":5,"32":1,"33":2,"34":2,"35":2,"39":1,"40":3,"41":0,"44":3,"52":3,"55":1,"56":0,"57":0,"60":0,"63":1,"69":1,"78":1,"79":0,"80":0,"81":0,"82":0,"94":1,"95":0,"96":0,"99":0,"100":0,"101":0,"103":0,"104":0,"106":0,"107":0,"108":0,"109":0,"114":0,"125":1,"126":0,"127":0,"128":0,"130":0,"131":0,"132":0,"133":0,"134":0,"148":1,"149":0,"150":0,"161":1,"162":0,"163":0,"165":0,"166":0,"167":0,"173":0,"174":0,"185":1,"186":0,"197":1,"198":0,"199":0,"200":0,"201":0,"204":0,"205":0,"206":0,"223":1,"224":0,"225":0,"226":0,"227":0,"228":0,"229":0,"230":0,"233":0,"235":0,"237":0,"238":0,"239":0,"240":0,"241":0,"242":0,"243":0,"244":0,"245":0,"246":0,"260":1,"261":0,"262":0,"265":0,"266":0,"267":0,"270":0,"283":1,"284":0,"285":0,"286":0,"287":0,"289":0,"303":1,"304":0,"305":0,"306":0,"307":0,"309":0,"323":1,"324":0,"337":1,"338":0,"351":1,"352":0,"356":1,"365":1,"366":0,"369":0,"370":0,"371":0,"374":0,"375":0,"376":0,"377":0,"378":0,"380":0,"381":0,"383":0,"384":0,"385":0,"386":0,"388":0,"399":0,"400":0,"401":0,"403":0,"408":1,"410":0,"411":0,"412":0,"413":0,"415":0,"419":0,"420":0,"421":0,"422":0,"426":1,"427":1,"428":1,"429":1,"430":1,"431":1,"433":1,"436":1,"437":0,"438":0,"439":0,"440":0,"441":0,"442":0,"448":0,"453":0,"455":0,"456":0,"458":0,"459":0,"460":0,"464":0,"467":0,"468":0,"471":0,"472":0,"473":0,"474":0,"475":0,"476":0,"477":0,"478":0,"479":0,"480":0,"481":0,"482":0,"487":0,"488":0,"493":0,"494":0,"496":0,"497":0,"498":0,"501":0,"502":0,"503":0,"504":0,"507":0,"508":0,"513":1,"514":0,"515":0,"516":0,"517":0,"518":0,"519":0,"520":0,"521":0,"522":0,"523":0,"524":0,"528":1,"529":0,"530":0,"531":0,"532":0,"534":0,"537":0,"543":0,"551":0,"552":0,"554":0,"555":0,"558":0,"559":0,"561":0,"562":0,"567":0,"569":0,"570":0,"571":0,"572":0,"575":0,"576":0,"577":0,"578":0,"581":0,"582":0,"583":0,"584":0,"587":0,"588":0,"589":0,"590":0,"591":0,"594":0,"596":0,"598":0,"599":0,"601":0,"603":0,"604":0,"605":0,"608":0,"609":0,"612":0,"613":0,"614":0,"615":0,"618":0,"619":0,"620":0,"622":0,"625":0,"626":0,"629":0,"630":0,"631":0,"633":0,"636":0,"637":0,"638":0,"640":0,"644":0,"645":0,"647":0,"649":0,"651":0,"653":0,"656":0,"657":0,"658":0,"660":0,"661":0,"662":0,"663":0,"664":0,"665":0,"666":0,"667":0,"668":0,"670":0,"671":0,"674":0,"675":0,"676":0,"681":0,"683":0,"684":0,"685":0,"688":0,"689":0,"690":0,"693":0,"694":0,"695":0,"698":0,"699":0,"700":0,"704":0,"705":0,"707":0,"709":0,"711":0,"712":0,"713":0,"717":0,"718":0,"720":0,"721":0,"722":0,"725":0,"726":0,"727":0,"728":0,"731":0,"732":0,"735":0,"737":0,"739":0,"740":0,"744":0,"746":0,"748":0,"749":0,"750":0,"751":0,"752":0,"753":0,"756":0,"761":0,"764":0,"767":0,"770":0,"771":0,"772":0,"773":0,"774":0,"775":0,"776":0,"777":0,"781":0,"784":0,"793":1,"794":1,"795":0,"797":0,"798":0,"799":0,"800":0,"802":0,"803":0,"804":0,"805":0,"806":0,"807":0,"808":0,"809":0,"810":0,"811":0,"812":0,"813":0,"816":1,"817":0,"819":0,"820":0,"822":0,"824":0,"825":0,"826":0,"827":0,"830":0,"831":0,"832":0,"833":0,"834":0,"835":0,"838":0,"839":0,"840":0,"847":1,"848":0,"851":1,"852":0,"854":0,"855":0,"856":0,"857":0,"861":1,"862":0,"863":0,"864":0,"869":1,"870":0,"871":0,"872":0,"873":0,"876":0,"877":0,"878":0,"881":0,"882":0,"883":0,"887":1,"888":0,"890":0,"891":0,"895":1,"896":0,"898":0,"899":0,"900":0,"903":1,"904":0,"905":0,"906":0,"910":1,"911":0,"912":0,"913":0,"917":1,"918":0,"919":0,"920":0,"921":0,"925":1,"926":0,"927":0,"930":0,"933":1,"934":0,"936":0,"937":0,"938":0,"939":0,"941":0,"942":0,"943":0,"945":0,"948":1,"949":0,"951":0,"952":0,"954":0,"956":0,"957":0,"958":0,"960":0,"961":0,"962":0,"963":0,"965":0,"966":0,"967":0,"969":0,"970":0,"972":0,"973":0,"976":0,"977":0,"980":0,"981":0,"982":0,"985":0,"986":0,"987":0,"988":0,"991":0,"992":0,"993":0,"994":0,"995":0,"996":0,"998":0,"999":0,"1000":0,"1001":0,"1002":0,"1003":0,"1004":0,"1006":0,"1009":0,"1012":0,"1015":0,"1019":0,"1021":0,"1030":0,"1031":0,"1033":0,"1035":0,"1037":0,"1041":1,"1042":0,"1043":0,"1044":0,"1045":0,"1048":1,"1049":0,"1050":0,"1051":0,"1054":1,"1055":0,"1057":0,"1059":0,"1060":0,"1061":0,"1062":0,"1063":0,"1067":0,"1071":1,"1072":0,"1074":0,"1077":1,"1078":0,"1079":0,"1082":0,"1083":0,"1086":0,"1087":0,"1090":0,"1091":0,"1094":0,"1097":1,"1098":0,"1101":1,"1102":0,"1105":1,"1106":0,"1109":1,"1110":0,"1113":1,"1114":0,"1117":1,"1118":0,"1121":1,"1122":0,"1124":0,"1125":0,"1126":0,"1127":0,"1129":0,"1130":0,"1134":1,"1135":0,"1136":0,"1137":0,"1138":0,"1141":1,"1142":0,"1143":0,"1144":0,"1146":0,"1147":0,"1149":0,"1150":0,"1151":0,"1153":0,"1154":0,"1158":1,"1159":0,"1160":0,"1161":0,"1163":0,"1164":0,"1166":0,"1167":0,"1168":0,"1170":0,"1171":0,"1175":1,"1176":0,"1177":0,"1178":0,"1180":0,"1181":0,"1183":0,"1184":0,"1185":0,"1187":0,"1188":0,"1192":1,"1193":0,"1194":0,"1195":0,"1197":0,"1199":0,"1200":0,"1202":0,"1206":1,"1207":0,"1208":0,"1210":0,"1219":0,"1220":0,"1221":0,"1222":0,"1223":0,"1226":0,"1227":0,"1228":0,"1231":0,"1232":0,"1233":0,"1234":0,"1235":0,"1236":0,"1240":0,"1243":0,"1246":1,"1247":0,"1248":0,"1250":0,"1251":0,"1252":0,"1253":0,"1254":0,"1259":1,"1260":0,"1261":0,"1263":0,"1265":0,"1268":0,"1270":0,"1272":0,"1274":0,"1277":0,"1279":0,"1283":0,"1287":1,"1288":0,"1289":0,"1292":1,"1295":0,"1300":0,"1305":0,"1308":0,"1313":0,"1316":0,"1319":1,"1326":1,"1327":1,"1329":1,"1330":0,"1332":0,"1334":0,"1335":0,"1338":1,"1339":0,"1341":0,"1342":0,"1344":0,"1345":0,"1346":0,"1347":0,"1348":0,"1349":0,"1350":0,"1351":0,"1352":0,"1355":0,"1356":0,"1357":0,"1362":0,"1363":0,"1364":0,"1365":0,"1366":0,"1367":0,"1368":0,"1369":0,"1372":0,"1373":0,"1374":0,"1380":0,"1381":0,"1382":0,"1384":0,"1388":1,"1389":0,"1390":0,"1391":0,"1392":0,"1393":0,"1394":0,"1395":0,"1396":0,"1400":0,"1401":0,"1404":0,"1405":0,"1408":1,"1409":0,"1411":0,"1413":0,"1414":0,"1415":0,"1416":0,"1420":1,"1421":0,"1422":0,"1423":0,"1424":0,"1425":0,"1429":1,"1430":0,"1432":0,"1434":0,"1436":0,"1438":0,"1439":0,"1444":1,"1445":0,"1452":0,"1453":0,"1454":0,"1455":0,"1458":0,"1459":0,"1462":1,"1463":0,"1464":0,"1465":0,"1466":0,"1471":1,"1472":0,"1474":0,"1475":0,"1477":0,"1478":0,"1479":0,"1480":0,"1482":0,"1487":0,"1491":1,"1492":0,"1493":0,"1494":0,"1495":0,"1498":0,"1501":1,"1502":0,"1504":0,"1505":0,"1507":0,"1508":0,"1509":0,"1510":0,"1511":0,"1514":0,"1519":0,"1523":1,"1530":1,"1531":1,"1533":1,"1534":0,"1536":0,"1538":0,"1539":0,"1542":1,"1543":0,"1545":0,"1546":0,"1548":0,"1549":0,"1550":0,"1551":0,"1552":0,"1553":0,"1554":0,"1555":0,"1558":0,"1559":0,"1560":0,"1565":0,"1566":0,"1567":0,"1569":0,"1573":1,"1574":0,"1575":0,"1576":0,"1577":0,"1580":0,"1581":0,"1584":0,"1585":0,"1588":1,"1589":0,"1591":0,"1593":0,"1594":0,"1595":0,"1596":0,"1600":1,"1601":0,"1602":0,"1603":0,"1604":0,"1605":0,"1609":1,"1610":0,"1612":0,"1614":0,"1616":0,"1618":0,"1619":0,"1624":1,"1625":0,"1632":0,"1633":0,"1634":0,"1635":0,"1638":0,"1639":0,"1642":1,"1643":0,"1644":0,"1645":0,"1646":0,"1647":0,"1651":1,"1652":0,"1654":0,"1655":0,"1657":0,"1658":0,"1659":0,"1660":0,"1662":0,"1667":0,"1671":1,"1672":0,"1673":0,"1674":0,"1675":0,"1678":0,"1681":1,"1682":0,"1684":0,"1685":0,"1687":0,"1688":0,"1689":0,"1690":0,"1691":0,"1694":0,"1699":0,"1703":1,"1710":1,"1711":1,"1713":1,"1714":0,"1716":0,"1718":0,"1719":0,"1722":1,"1723":0,"1725":0,"1726":0,"1728":0,"1730":0,"1731":0,"1732":0,"1733":0,"1736":0,"1737":0,"1738":0,"1739":0,"1740":0,"1741":0,"1742":0,"1743":0,"1744":0,"1745":0,"1748":0,"1749":0,"1750":0,"1757":1,"1758":0,"1761":1,"1762":0,"1764":0,"1765":0,"1766":0,"1767":0,"1771":0,"1774":1,"1775":0,"1776":0,"1777":0,"1778":0,"1779":0,"1780":0,"1786":1,"1787":0,"1788":0,"1789":0,"1791":0,"1792":0,"1796":1,"1803":1,"1804":1,"1805":0,"1807":0,"1809":0,"1811":0,"1812":0,"1813":0,"1814":0,"1815":0,"1816":0,"1817":0,"1818":0,"1819":0,"1820":0,"1822":0,"1823":0,"1827":1,"1828":0,"1831":0,"1832":0,"1835":0,"1838":0,"1841":0,"1844":1,"1845":0,"1846":0,"1847":0,"1848":0,"1849":0,"1850":0,"1851":0,"1852":0,"1853":0,"1854":0,"1855":0,"1858":1,"1859":0,"1861":0,"1862":0,"1863":0,"1864":0,"1865":0,"1866":0,"1867":0,"1869":0,"1870":0,"1875":1,"1876":0,"1878":0,"1879":0,"1880":0,"1884":1,"1885":0,"1887":0,"1888":0,"1889":0,"1890":0,"1891":0,"1892":0,"1894":0,"1897":0,"1899":0,"1902":1,"1903":0,"1904":0,"1905":0,"1906":0,"1907":0,"1908":0,"1910":0,"1914":1,"1915":0,"1917":0,"1918":0,"1920":0,"1923":1,"1924":0,"1925":0,"1927":0,"1930":1,"1931":0,"1933":0,"1934":0,"1935":0,"1936":0,"1937":0,"1938":0,"1939":0,"1940":0,"1941":0,"1942":0,"1944":0,"1946":0,"1947":0,"1949":0,"1952":0,"1956":1,"1957":0,"1959":0,"1960":0,"1962":0,"1965":0,"1966":0,"1967":0,"1968":0,"1969":0,"1970":0,"1972":0,"1977":1,"1978":0,"1979":0,"1981":0,"1982":0,"1983":0,"1987":1,"1988":0,"1990":0,"1991":0,"1995":1,"1996":0,"1998":0,"1999":0,"2000":0,"2003":0,"2004":0,"2005":0,"2007":0,"2008":0,"2009":0,"2010":0,"2011":0,"2012":0,"2013":0,"2017":0,"2021":1,"2022":0,"2024":0,"2025":0,"2029":1,"2030":0,"2031":0,"2033":0,"2035":0,"2036":0,"2038":0,"2040":0,"2041":0,"2042":0,"2043":0,"2044":0,"2045":0,"2046":0,"2051":1,"2052":0,"2054":0,"2056":0,"2057":0,"2058":0,"2059":0,"2063":0,"2064":0,"2068":1,"2069":0,"2072":1,"2073":0,"2074":0,"2076":0,"2079":1,"2080":0,"2082":0,"2086":0,"2087":0,"2088":0,"2089":0,"2091":0,"2095":0,"2096":0,"2097":0,"2099":0,"2100":0,"2101":0,"2105":0,"2106":0,"2107":0,"2108":0,"2110":0,"2111":0,"2113":0,"2117":1,"2118":0,"2119":0,"2120":0,"2123":1,"2124":0,"2125":0,"2126":0,"2127":0,"2128":0,"2129":0,"2133":1,"2134":0,"2135":0,"2136":0,"2137":0,"2138":0,"2141":0,"2142":0,"2143":0,"2146":1,"2147":0,"2148":0,"2149":0,"2150":0,"2151":0,"2152":0,"2153":0,"2154":0,"2159":1,"2160":0,"2161":0,"2162":0,"2163":0,"2164":0,"2167":0,"2168":0,"2169":0,"2172":1,"2173":0,"2174":0,"2175":0,"2176":0,"2177":0,"2178":0,"2179":0,"2180":0,"2185":1,"2186":0,"2187":0,"2188":0,"2191":1,"2192":0,"2193":0,"2194":0,"2195":0,"2196":0,"2197":0,"2201":1,"2202":0,"2203":0,"2206":0,"2207":0,"2208":0,"2212":1,"2213":0,"2215":0,"2216":0,"2218":0,"2219":0,"2220":0,"2223":0,"2224":0,"2227":1,"2228":0,"2231":1,"2232":0,"2234":0,"2236":0,"2246":0,"2250":0,"2256":1,"2257":0,"2259":0,"2260":0,"2261":0,"2262":0,"2263":0,"2268":1,"2269":0,"2271":0,"2272":0,"2274":0,"2275":0,"2276":0,"2278":0,"2279":0,"2280":0,"2281":0,"2286":0,"2289":1,"2290":0,"2293":1,"2294":0,"2297":1,"2298":0,"2301":1,"2302":0,"2305":1,"2306":0,"2309":1,"2310":0,"2313":1,"2314":0,"2317":1,"2318":0,"2320":0,"2321":0,"2322":0,"2324":0,"2325":0,"2326":0,"2327":0,"2328":0,"2329":0,"2330":0,"2331":0,"2332":0,"2334":0,"2335":0,"2336":0,"2338":0,"2344":0,"2345":0,"2349":1,"2352":0,"2354":0,"2355":0,"2357":0,"2358":0,"2361":0,"2362":0,"2365":0,"2368":1,"2371":1,"2372":0,"2373":0,"2374":0,"2375":0,"2376":0,"2377":0,"2378":0,"2379":0,"2380":0,"2386":0,"2390":0,"2392":0,"2393":0,"2394":0,"2397":0,"2398":0,"2399":0,"2402":0,"2403":0,"2404":0,"2407":0,"2408":0,"2411":0,"2412":0,"2415":0,"2416":0,"2418":0,"2419":0,"2420":0,"2421":0,"2422":0,"2426":0,"2429":0,"2430":0,"2431":0,"2432":0,"2435":0,"2436":0,"2438":0,"2439":0,"2440":0,"2444":0,"2446":0,"2448":0,"2449":0,"2450":0,"2451":0,"2452":0,"2453":0,"2456":0,"2459":0,"2464":1,"2469":0,"2496":0,"2498":0,"2501":1,"2502":0,"2503":0,"2509":0,"2533":0,"2535":0,"2536":0,"2537":0,"2538":0,"2539":0,"2540":0,"2543":0,"2544":0,"2545":0,"2546":0,"2547":0,"2549":0,"2550":0,"2551":0,"2553":0,"2556":0,"2567":0,"2570":0,"2573":0,"2575":0,"2585":1,"2586":0,"2588":0,"2589":0,"2590":0,"2593":0,"2594":0,"2595":0,"2597":0,"2598":0,"2599":0,"2600":0,"2603":1,"2605":1,"2606":0,"2609":1}}}